Determining if the pthread_create exist failed with the following output:
Change Dir: /nas/kklein/AlgoLab17/potw3/CMakeFiles/CMakeTmp

Run Build Command:"/usr/bin/gmake" "cmTC_fe569/fast"
/usr/bin/gmake -f CMakeFiles/cmTC_fe569.dir/build.make CMakeFiles/cmTC_fe569.dir/build
gmake[1]: Entering directory '/nas/kklein/AlgoLab17/potw3/CMakeFiles/CMakeTmp'
Building C object CMakeFiles/cmTC_fe569.dir/CheckSymbolExists.c.o
/usr/lib64/ccache/cc    -o CMakeFiles/cmTC_fe569.dir/CheckSymbolExists.c.o   -c /nas/kklein/AlgoLab17/potw3/CMakeFiles/CMakeTmp/CheckSymbolExists.c
Linking C executable cmTC_fe569
/usr/bin/cmake -E cmake_link_script CMakeFiles/cmTC_fe569.dir/link.txt --verbose=1
/usr/lib64/ccache/cc      -rdynamic CMakeFiles/cmTC_fe569.dir/CheckSymbolExists.c.o  -o cmTC_fe569 
CMakeFiles/cmTC_fe569.dir/CheckSymbolExists.c.o: In function `main':
CheckSymbolExists.c:(.text+0x16): undefined reference to `pthread_create'
collect2: error: ld returned 1 exit status
gmake[1]: *** [CMakeFiles/cmTC_fe569.dir/build.make:98: cmTC_fe569] Error 1
gmake[1]: Leaving directory '/nas/kklein/AlgoLab17/potw3/CMakeFiles/CMakeTmp'
gmake: *** [Makefile:126: cmTC_fe569/fast] Error 2

File /nas/kklein/AlgoLab17/potw3/CMakeFiles/CMakeTmp/CheckSymbolExists.c:
/* */
#include <pthread.h>

int main(int argc, char** argv)
{
  (void)argv;
#ifndef pthread_create
  return ((int*)(&pthread_create))[argc];
#else
  (void)argc;
  return 0;
#endif
}

Determining if the function pthread_create exists in the pthreads failed with the following output:
Change Dir: /nas/kklein/AlgoLab17/potw3/CMakeFiles/CMakeTmp

Run Build Command:"/usr/bin/gmake" "cmTC_da8fd/fast"
/usr/bin/gmake -f CMakeFiles/cmTC_da8fd.dir/build.make CMakeFiles/cmTC_da8fd.dir/build
gmake[1]: Entering directory '/nas/kklein/AlgoLab17/potw3/CMakeFiles/CMakeTmp'
Building C object CMakeFiles/cmTC_da8fd.dir/CheckFunctionExists.c.o
/usr/lib64/ccache/cc   -DCHECK_FUNCTION_EXISTS=pthread_create   -o CMakeFiles/cmTC_da8fd.dir/CheckFunctionExists.c.o   -c /usr/share/cmake/Modules/CheckFunctionExists.c
Linking C executable cmTC_da8fd
/usr/bin/cmake -E cmake_link_script CMakeFiles/cmTC_da8fd.dir/link.txt --verbose=1
/usr/lib64/ccache/cc  -DCHECK_FUNCTION_EXISTS=pthread_create    -rdynamic CMakeFiles/cmTC_da8fd.dir/CheckFunctionExists.c.o  -o cmTC_da8fd -lpthreads 
/usr/bin/ld: cannot find -lpthreads
collect2: error: ld returned 1 exit status
gmake[1]: *** [CMakeFiles/cmTC_da8fd.dir/build.make:98: cmTC_da8fd] Error 1
gmake[1]: Leaving directory '/nas/kklein/AlgoLab17/potw3/CMakeFiles/CMakeTmp'
gmake: *** [Makefile:126: cmTC_da8fd/fast] Error 2


