Determining if the pthread_create exist failed with the following output:
Change Dir: /home/kevin/Code/AlgoLab17/ps3/2-first_hit/CMakeFiles/CMakeTmp

Run Build Command:"/usr/bin/make" "cmTC_20e90/fast"
/usr/bin/make -f CMakeFiles/cmTC_20e90.dir/build.make CMakeFiles/cmTC_20e90.dir/build
make[1]: Entering directory '/home/kevin/Code/AlgoLab17/ps3/2-first_hit/CMakeFiles/CMakeTmp'
Building C object CMakeFiles/cmTC_20e90.dir/CheckSymbolExists.c.o
/usr/bin/cc    -o CMakeFiles/cmTC_20e90.dir/CheckSymbolExists.c.o   -c /home/kevin/Code/AlgoLab17/ps3/2-first_hit/CMakeFiles/CMakeTmp/CheckSymbolExists.c
Linking C executable cmTC_20e90
/usr/bin/cmake -E cmake_link_script CMakeFiles/cmTC_20e90.dir/link.txt --verbose=1
/usr/bin/cc      -rdynamic CMakeFiles/cmTC_20e90.dir/CheckSymbolExists.c.o  -o cmTC_20e90 
CMakeFiles/cmTC_20e90.dir/CheckSymbolExists.c.o: In function `main':
CheckSymbolExists.c:(.text+0x1b): undefined reference to `pthread_create'
collect2: error: ld returned 1 exit status
make[1]: *** [CMakeFiles/cmTC_20e90.dir/build.make:98: cmTC_20e90] Error 1
make[1]: Leaving directory '/home/kevin/Code/AlgoLab17/ps3/2-first_hit/CMakeFiles/CMakeTmp'
make: *** [Makefile:126: cmTC_20e90/fast] Error 2

File /home/kevin/Code/AlgoLab17/ps3/2-first_hit/CMakeFiles/CMakeTmp/CheckSymbolExists.c:
/* */
#include <pthread.h>

int main(int argc, char** argv)
{
  (void)argv;
#ifndef pthread_create
  return ((int*)(&pthread_create))[argc];
#else
  (void)argc;
  return 0;
#endif
}

Determining if the function pthread_create exists in the pthreads failed with the following output:
Change Dir: /home/kevin/Code/AlgoLab17/ps3/2-first_hit/CMakeFiles/CMakeTmp

Run Build Command:"/usr/bin/make" "cmTC_45e75/fast"
/usr/bin/make -f CMakeFiles/cmTC_45e75.dir/build.make CMakeFiles/cmTC_45e75.dir/build
make[1]: Entering directory '/home/kevin/Code/AlgoLab17/ps3/2-first_hit/CMakeFiles/CMakeTmp'
Building C object CMakeFiles/cmTC_45e75.dir/CheckFunctionExists.c.o
/usr/bin/cc   -DCHECK_FUNCTION_EXISTS=pthread_create   -o CMakeFiles/cmTC_45e75.dir/CheckFunctionExists.c.o   -c /usr/share/cmake-3.9/Modules/CheckFunctionExists.c
Linking C executable cmTC_45e75
/usr/bin/cmake -E cmake_link_script CMakeFiles/cmTC_45e75.dir/link.txt --verbose=1
/usr/bin/cc  -DCHECK_FUNCTION_EXISTS=pthread_create    -rdynamic CMakeFiles/cmTC_45e75.dir/CheckFunctionExists.c.o  -o cmTC_45e75 -lpthreads 
/usr/bin/ld: cannot find -lpthreads
collect2: error: ld returned 1 exit status
make[1]: *** [CMakeFiles/cmTC_45e75.dir/build.make:98: cmTC_45e75] Error 1
make[1]: Leaving directory '/home/kevin/Code/AlgoLab17/ps3/2-first_hit/CMakeFiles/CMakeTmp'
make: *** [Makefile:126: cmTC_45e75/fast] Error 2


