Determining if the pthread_create exist failed with the following output:
Change Dir: /home/kevin/Code/AlgoLab17/ps7/1-maximum/CMakeFiles/CMakeTmp

Run Build Command:"/usr/bin/make" "cmTC_73068/fast"
/usr/bin/make -f CMakeFiles/cmTC_73068.dir/build.make CMakeFiles/cmTC_73068.dir/build
make[1]: Entering directory '/home/kevin/Code/AlgoLab17/ps7/1-maximum/CMakeFiles/CMakeTmp'
Building C object CMakeFiles/cmTC_73068.dir/CheckSymbolExists.c.o
/usr/bin/cc    -o CMakeFiles/cmTC_73068.dir/CheckSymbolExists.c.o   -c /home/kevin/Code/AlgoLab17/ps7/1-maximum/CMakeFiles/CMakeTmp/CheckSymbolExists.c
Linking C executable cmTC_73068
/usr/bin/cmake -E cmake_link_script CMakeFiles/cmTC_73068.dir/link.txt --verbose=1
/usr/bin/cc      -rdynamic CMakeFiles/cmTC_73068.dir/CheckSymbolExists.c.o  -o cmTC_73068 
CMakeFiles/cmTC_73068.dir/CheckSymbolExists.c.o: In function `main':
CheckSymbolExists.c:(.text+0x1b): undefined reference to `pthread_create'
collect2: error: ld returned 1 exit status
make[1]: *** [CMakeFiles/cmTC_73068.dir/build.make:98: cmTC_73068] Error 1
make[1]: Leaving directory '/home/kevin/Code/AlgoLab17/ps7/1-maximum/CMakeFiles/CMakeTmp'
make: *** [Makefile:126: cmTC_73068/fast] Error 2

File /home/kevin/Code/AlgoLab17/ps7/1-maximum/CMakeFiles/CMakeTmp/CheckSymbolExists.c:
/* */
#include <pthread.h>

int main(int argc, char** argv)
{
  (void)argv;
#ifndef pthread_create
  return ((int*)(&pthread_create))[argc];
#else
  (void)argc;
  return 0;
#endif
}

Determining if the function pthread_create exists in the pthreads failed with the following output:
Change Dir: /home/kevin/Code/AlgoLab17/ps7/1-maximum/CMakeFiles/CMakeTmp

Run Build Command:"/usr/bin/make" "cmTC_bfa91/fast"
/usr/bin/make -f CMakeFiles/cmTC_bfa91.dir/build.make CMakeFiles/cmTC_bfa91.dir/build
make[1]: Entering directory '/home/kevin/Code/AlgoLab17/ps7/1-maximum/CMakeFiles/CMakeTmp'
Building C object CMakeFiles/cmTC_bfa91.dir/CheckFunctionExists.c.o
/usr/bin/cc   -DCHECK_FUNCTION_EXISTS=pthread_create   -o CMakeFiles/cmTC_bfa91.dir/CheckFunctionExists.c.o   -c /usr/share/cmake-3.9/Modules/CheckFunctionExists.c
Linking C executable cmTC_bfa91
/usr/bin/cmake -E cmake_link_script CMakeFiles/cmTC_bfa91.dir/link.txt --verbose=1
/usr/bin/cc  -DCHECK_FUNCTION_EXISTS=pthread_create    -rdynamic CMakeFiles/cmTC_bfa91.dir/CheckFunctionExists.c.o  -o cmTC_bfa91 -lpthreads 
/usr/bin/ld: cannot find -lpthreads
collect2: error: ld returned 1 exit status
make[1]: *** [CMakeFiles/cmTC_bfa91.dir/build.make:98: cmTC_bfa91] Error 1
make[1]: Leaving directory '/home/kevin/Code/AlgoLab17/ps7/1-maximum/CMakeFiles/CMakeTmp'
make: *** [Makefile:126: cmTC_bfa91/fast] Error 2


