The system is: Linux - 4.13.12-1-ARCH - x86_64
Compiling the C compiler identification source file "CMakeCCompilerId.c" succeeded.
Compiler: /usr/bin/cc 
Build flags: 
Id flags:  

The output was:
0


Compilation of the C compiler identification source "CMakeCCompilerId.c" produced "a.out"

The C compiler identification is GNU, found in "/home/kevin/Code/AlgoLab17/ps7/1-maximum/CMakeFiles/3.9.5/CompilerIdC/a.out"

Compiling the CXX compiler identification source file "CMakeCXXCompilerId.cpp" succeeded.
Compiler: /usr/bin/c++ 
Build flags: 
Id flags:  

The output was:
0


Compilation of the CXX compiler identification source "CMakeCXXCompilerId.cpp" produced "a.out"

The CXX compiler identification is GNU, found in "/home/kevin/Code/AlgoLab17/ps7/1-maximum/CMakeFiles/3.9.5/CompilerIdCXX/a.out"

Determining if the C compiler works passed with the following output:
Change Dir: /home/kevin/Code/AlgoLab17/ps7/1-maximum/CMakeFiles/CMakeTmp

Run Build Command:"/usr/bin/make" "cmTC_cb5a9/fast"
/usr/bin/make -f CMakeFiles/cmTC_cb5a9.dir/build.make CMakeFiles/cmTC_cb5a9.dir/build
make[1]: Entering directory '/home/kevin/Code/AlgoLab17/ps7/1-maximum/CMakeFiles/CMakeTmp'
Building C object CMakeFiles/cmTC_cb5a9.dir/testCCompiler.c.o
/usr/bin/cc    -o CMakeFiles/cmTC_cb5a9.dir/testCCompiler.c.o   -c /home/kevin/Code/AlgoLab17/ps7/1-maximum/CMakeFiles/CMakeTmp/testCCompiler.c
Linking C executable cmTC_cb5a9
/usr/bin/cmake -E cmake_link_script CMakeFiles/cmTC_cb5a9.dir/link.txt --verbose=1
/usr/bin/cc      -rdynamic CMakeFiles/cmTC_cb5a9.dir/testCCompiler.c.o  -o cmTC_cb5a9 
make[1]: Leaving directory '/home/kevin/Code/AlgoLab17/ps7/1-maximum/CMakeFiles/CMakeTmp'


Detecting C compiler ABI info compiled with the following output:
Change Dir: /home/kevin/Code/AlgoLab17/ps7/1-maximum/CMakeFiles/CMakeTmp

Run Build Command:"/usr/bin/make" "cmTC_190e9/fast"
/usr/bin/make -f CMakeFiles/cmTC_190e9.dir/build.make CMakeFiles/cmTC_190e9.dir/build
make[1]: Entering directory '/home/kevin/Code/AlgoLab17/ps7/1-maximum/CMakeFiles/CMakeTmp'
Building C object CMakeFiles/cmTC_190e9.dir/CMakeCCompilerABI.c.o
/usr/bin/cc    -o CMakeFiles/cmTC_190e9.dir/CMakeCCompilerABI.c.o   -c /usr/share/cmake-3.9/Modules/CMakeCCompilerABI.c
Linking C executable cmTC_190e9
/usr/bin/cmake -E cmake_link_script CMakeFiles/cmTC_190e9.dir/link.txt --verbose=1
/usr/bin/cc     -v -rdynamic CMakeFiles/cmTC_190e9.dir/CMakeCCompilerABI.c.o  -o cmTC_190e9 
Using built-in specs.
COLLECT_GCC=/usr/bin/cc
COLLECT_LTO_WRAPPER=/usr/lib/gcc/x86_64-pc-linux-gnu/7.2.0/lto-wrapper
Target: x86_64-pc-linux-gnu
Configured with: /build/gcc/src/gcc/configure --prefix=/usr --libdir=/usr/lib --libexecdir=/usr/lib --mandir=/usr/share/man --infodir=/usr/share/info --with-bugurl=https://bugs.archlinux.org/ --enable-languages=c,c++,ada,fortran,go,lto,objc,obj-c++ --enable-shared --enable-threads=posix --enable-libmpx --with-system-zlib --with-isl --enable-__cxa_atexit --disable-libunwind-exceptions --enable-clocale=gnu --disable-libstdcxx-pch --disable-libssp --enable-gnu-unique-object --enable-linker-build-id --enable-lto --enable-plugin --enable-install-libiberty --with-linker-hash-style=gnu --enable-gnu-indirect-function --disable-multilib --disable-werror --enable-checking=release --enable-default-pie --enable-default-ssp
Thread model: posix
gcc version 7.2.0 (GCC) 
COMPILER_PATH=/usr/lib/gcc/x86_64-pc-linux-gnu/7.2.0/:/usr/lib/gcc/x86_64-pc-linux-gnu/7.2.0/:/usr/lib/gcc/x86_64-pc-linux-gnu/:/usr/lib/gcc/x86_64-pc-linux-gnu/7.2.0/:/usr/lib/gcc/x86_64-pc-linux-gnu/
LIBRARY_PATH=/usr/lib/gcc/x86_64-pc-linux-gnu/7.2.0/:/usr/lib/gcc/x86_64-pc-linux-gnu/7.2.0/../../../../lib/:/lib/../lib/:/usr/lib/../lib/:/usr/lib/gcc/x86_64-pc-linux-gnu/7.2.0/../../../:/lib/:/usr/lib/
COLLECT_GCC_OPTIONS='-v' '-rdynamic' '-o' 'cmTC_190e9' '-mtune=generic' '-march=x86-64'
 /usr/lib/gcc/x86_64-pc-linux-gnu/7.2.0/collect2 -plugin /usr/lib/gcc/x86_64-pc-linux-gnu/7.2.0/liblto_plugin.so -plugin-opt=/usr/lib/gcc/x86_64-pc-linux-gnu/7.2.0/lto-wrapper -plugin-opt=-fresolution=/tmp/ccqw9pC4.res -plugin-opt=-pass-through=-lgcc -plugin-opt=-pass-through=-lgcc_s -plugin-opt=-pass-through=-lc -plugin-opt=-pass-through=-lgcc -plugin-opt=-pass-through=-lgcc_s --build-id --eh-frame-hdr --hash-style=gnu -m elf_x86_64 -export-dynamic -dynamic-linker /lib64/ld-linux-x86-64.so.2 -pie -o cmTC_190e9 /usr/lib/gcc/x86_64-pc-linux-gnu/7.2.0/../../../../lib/Scrt1.o /usr/lib/gcc/x86_64-pc-linux-gnu/7.2.0/../../../../lib/crti.o /usr/lib/gcc/x86_64-pc-linux-gnu/7.2.0/crtbeginS.o -L/usr/lib/gcc/x86_64-pc-linux-gnu/7.2.0 -L/usr/lib/gcc/x86_64-pc-linux-gnu/7.2.0/../../../../lib -L/lib/../lib -L/usr/lib/../lib -L/usr/lib/gcc/x86_64-pc-linux-gnu/7.2.0/../../.. CMakeFiles/cmTC_190e9.dir/CMakeCCompilerABI.c.o -lgcc --as-needed -lgcc_s --no-as-needed -lc -lgcc --as-needed -lgcc_s --no-as-needed /usr/lib/gcc/x86_64-pc-linux-gnu/7.2.0/crtendS.o /usr/lib/gcc/x86_64-pc-linux-gnu/7.2.0/../../../../lib/crtn.o
COLLECT_GCC_OPTIONS='-v' '-rdynamic' '-o' 'cmTC_190e9' '-mtune=generic' '-march=x86-64'
make[1]: Leaving directory '/home/kevin/Code/AlgoLab17/ps7/1-maximum/CMakeFiles/CMakeTmp'


Parsed C implicit link information from above output:
  link line regex: [^( *|.*[/\])(ld|CMAKE_LINK_STARTFILE-NOTFOUND|([^/\]+-)?ld|collect2)[^/\]*( |$)]
  ignore line: [Change Dir: /home/kevin/Code/AlgoLab17/ps7/1-maximum/CMakeFiles/CMakeTmp]
  ignore line: []
  ignore line: [Run Build Command:"/usr/bin/make" "cmTC_190e9/fast"]
  ignore line: [/usr/bin/make -f CMakeFiles/cmTC_190e9.dir/build.make CMakeFiles/cmTC_190e9.dir/build]
  ignore line: [make[1]: Entering directory '/home/kevin/Code/AlgoLab17/ps7/1-maximum/CMakeFiles/CMakeTmp']
  ignore line: [Building C object CMakeFiles/cmTC_190e9.dir/CMakeCCompilerABI.c.o]
  ignore line: [/usr/bin/cc    -o CMakeFiles/cmTC_190e9.dir/CMakeCCompilerABI.c.o   -c /usr/share/cmake-3.9/Modules/CMakeCCompilerABI.c]
  ignore line: [Linking C executable cmTC_190e9]
  ignore line: [/usr/bin/cmake -E cmake_link_script CMakeFiles/cmTC_190e9.dir/link.txt --verbose=1]
  ignore line: [/usr/bin/cc     -v -rdynamic CMakeFiles/cmTC_190e9.dir/CMakeCCompilerABI.c.o  -o cmTC_190e9 ]
  ignore line: [Using built-in specs.]
  ignore line: [COLLECT_GCC=/usr/bin/cc]
  ignore line: [COLLECT_LTO_WRAPPER=/usr/lib/gcc/x86_64-pc-linux-gnu/7.2.0/lto-wrapper]
  ignore line: [Target: x86_64-pc-linux-gnu]
  ignore line: [Configured with: /build/gcc/src/gcc/configure --prefix=/usr --libdir=/usr/lib --libexecdir=/usr/lib --mandir=/usr/share/man --infodir=/usr/share/info --with-bugurl=https://bugs.archlinux.org/ --enable-languages=c,c++,ada,fortran,go,lto,objc,obj-c++ --enable-shared --enable-threads=posix --enable-libmpx --with-system-zlib --with-isl --enable-__cxa_atexit --disable-libunwind-exceptions --enable-clocale=gnu --disable-libstdcxx-pch --disable-libssp --enable-gnu-unique-object --enable-linker-build-id --enable-lto --enable-plugin --enable-install-libiberty --with-linker-hash-style=gnu --enable-gnu-indirect-function --disable-multilib --disable-werror --enable-checking=release --enable-default-pie --enable-default-ssp]
  ignore line: [Thread model: posix]
  ignore line: [gcc version 7.2.0 (GCC) ]
  ignore line: [COMPILER_PATH=/usr/lib/gcc/x86_64-pc-linux-gnu/7.2.0/:/usr/lib/gcc/x86_64-pc-linux-gnu/7.2.0/:/usr/lib/gcc/x86_64-pc-linux-gnu/:/usr/lib/gcc/x86_64-pc-linux-gnu/7.2.0/:/usr/lib/gcc/x86_64-pc-linux-gnu/]
  ignore line: [LIBRARY_PATH=/usr/lib/gcc/x86_64-pc-linux-gnu/7.2.0/:/usr/lib/gcc/x86_64-pc-linux-gnu/7.2.0/../../../../lib/:/lib/../lib/:/usr/lib/../lib/:/usr/lib/gcc/x86_64-pc-linux-gnu/7.2.0/../../../:/lib/:/usr/lib/]
  ignore line: [COLLECT_GCC_OPTIONS='-v' '-rdynamic' '-o' 'cmTC_190e9' '-mtune=generic' '-march=x86-64']
  link line: [ /usr/lib/gcc/x86_64-pc-linux-gnu/7.2.0/collect2 -plugin /usr/lib/gcc/x86_64-pc-linux-gnu/7.2.0/liblto_plugin.so -plugin-opt=/usr/lib/gcc/x86_64-pc-linux-gnu/7.2.0/lto-wrapper -plugin-opt=-fresolution=/tmp/ccqw9pC4.res -plugin-opt=-pass-through=-lgcc -plugin-opt=-pass-through=-lgcc_s -plugin-opt=-pass-through=-lc -plugin-opt=-pass-through=-lgcc -plugin-opt=-pass-through=-lgcc_s --build-id --eh-frame-hdr --hash-style=gnu -m elf_x86_64 -export-dynamic -dynamic-linker /lib64/ld-linux-x86-64.so.2 -pie -o cmTC_190e9 /usr/lib/gcc/x86_64-pc-linux-gnu/7.2.0/../../../../lib/Scrt1.o /usr/lib/gcc/x86_64-pc-linux-gnu/7.2.0/../../../../lib/crti.o /usr/lib/gcc/x86_64-pc-linux-gnu/7.2.0/crtbeginS.o -L/usr/lib/gcc/x86_64-pc-linux-gnu/7.2.0 -L/usr/lib/gcc/x86_64-pc-linux-gnu/7.2.0/../../../../lib -L/lib/../lib -L/usr/lib/../lib -L/usr/lib/gcc/x86_64-pc-linux-gnu/7.2.0/../../.. CMakeFiles/cmTC_190e9.dir/CMakeCCompilerABI.c.o -lgcc --as-needed -lgcc_s --no-as-needed -lc -lgcc --as-needed -lgcc_s --no-as-needed /usr/lib/gcc/x86_64-pc-linux-gnu/7.2.0/crtendS.o /usr/lib/gcc/x86_64-pc-linux-gnu/7.2.0/../../../../lib/crtn.o]
    arg [/usr/lib/gcc/x86_64-pc-linux-gnu/7.2.0/collect2] ==> ignore
    arg [-plugin] ==> ignore
    arg [/usr/lib/gcc/x86_64-pc-linux-gnu/7.2.0/liblto_plugin.so] ==> ignore
    arg [-plugin-opt=/usr/lib/gcc/x86_64-pc-linux-gnu/7.2.0/lto-wrapper] ==> ignore
    arg [-plugin-opt=-fresolution=/tmp/ccqw9pC4.res] ==> ignore
    arg [-plugin-opt=-pass-through=-lgcc] ==> ignore
    arg [-plugin-opt=-pass-through=-lgcc_s] ==> ignore
    arg [-plugin-opt=-pass-through=-lc] ==> ignore
    arg [-plugin-opt=-pass-through=-lgcc] ==> ignore
    arg [-plugin-opt=-pass-through=-lgcc_s] ==> ignore
    arg [--build-id] ==> ignore
    arg [--eh-frame-hdr] ==> ignore
    arg [--hash-style=gnu] ==> ignore
    arg [-m] ==> ignore
    arg [elf_x86_64] ==> ignore
    arg [-export-dynamic] ==> ignore
    arg [-dynamic-linker] ==> ignore
    arg [/lib64/ld-linux-x86-64.so.2] ==> ignore
    arg [-pie] ==> ignore
    arg [-o] ==> ignore
    arg [cmTC_190e9] ==> ignore
    arg [/usr/lib/gcc/x86_64-pc-linux-gnu/7.2.0/../../../../lib/Scrt1.o] ==> ignore
    arg [/usr/lib/gcc/x86_64-pc-linux-gnu/7.2.0/../../../../lib/crti.o] ==> ignore
    arg [/usr/lib/gcc/x86_64-pc-linux-gnu/7.2.0/crtbeginS.o] ==> ignore
    arg [-L/usr/lib/gcc/x86_64-pc-linux-gnu/7.2.0] ==> dir [/usr/lib/gcc/x86_64-pc-linux-gnu/7.2.0]
    arg [-L/usr/lib/gcc/x86_64-pc-linux-gnu/7.2.0/../../../../lib] ==> dir [/usr/lib/gcc/x86_64-pc-linux-gnu/7.2.0/../../../../lib]
    arg [-L/lib/../lib] ==> dir [/lib/../lib]
    arg [-L/usr/lib/../lib] ==> dir [/usr/lib/../lib]
    arg [-L/usr/lib/gcc/x86_64-pc-linux-gnu/7.2.0/../../..] ==> dir [/usr/lib/gcc/x86_64-pc-linux-gnu/7.2.0/../../..]
    arg [CMakeFiles/cmTC_190e9.dir/CMakeCCompilerABI.c.o] ==> ignore
    arg [-lgcc] ==> lib [gcc]
    arg [--as-needed] ==> ignore
    arg [-lgcc_s] ==> lib [gcc_s]
    arg [--no-as-needed] ==> ignore
    arg [-lc] ==> lib [c]
    arg [-lgcc] ==> lib [gcc]
    arg [--as-needed] ==> ignore
    arg [-lgcc_s] ==> lib [gcc_s]
    arg [--no-as-needed] ==> ignore
    arg [/usr/lib/gcc/x86_64-pc-linux-gnu/7.2.0/crtendS.o] ==> ignore
    arg [/usr/lib/gcc/x86_64-pc-linux-gnu/7.2.0/../../../../lib/crtn.o] ==> ignore
  collapse library dir [/usr/lib/gcc/x86_64-pc-linux-gnu/7.2.0] ==> [/usr/lib/gcc/x86_64-pc-linux-gnu/7.2.0]
  collapse library dir [/usr/lib/gcc/x86_64-pc-linux-gnu/7.2.0/../../../../lib] ==> [/usr/lib]
  collapse library dir [/lib/../lib] ==> [/lib]
  collapse library dir [/usr/lib/../lib] ==> [/usr/lib]
  collapse library dir [/usr/lib/gcc/x86_64-pc-linux-gnu/7.2.0/../../..] ==> [/usr/lib]
  implicit libs: [gcc;gcc_s;c;gcc;gcc_s]
  implicit dirs: [/usr/lib/gcc/x86_64-pc-linux-gnu/7.2.0;/usr/lib;/lib]
  implicit fwks: []




Detecting C [-std=c11] compiler features compiled with the following output:
Change Dir: /home/kevin/Code/AlgoLab17/ps7/1-maximum/CMakeFiles/CMakeTmp

Run Build Command:"/usr/bin/make" "cmTC_ab3e5/fast"
/usr/bin/make -f CMakeFiles/cmTC_ab3e5.dir/build.make CMakeFiles/cmTC_ab3e5.dir/build
make[1]: Entering directory '/home/kevin/Code/AlgoLab17/ps7/1-maximum/CMakeFiles/CMakeTmp'
Building C object CMakeFiles/cmTC_ab3e5.dir/feature_tests.c.o
/usr/bin/cc   -std=c11 -o CMakeFiles/cmTC_ab3e5.dir/feature_tests.c.o   -c /home/kevin/Code/AlgoLab17/ps7/1-maximum/CMakeFiles/feature_tests.c
Linking C executable cmTC_ab3e5
/usr/bin/cmake -E cmake_link_script CMakeFiles/cmTC_ab3e5.dir/link.txt --verbose=1
/usr/bin/cc      -rdynamic CMakeFiles/cmTC_ab3e5.dir/feature_tests.c.o  -o cmTC_ab3e5 
make[1]: Leaving directory '/home/kevin/Code/AlgoLab17/ps7/1-maximum/CMakeFiles/CMakeTmp'


    Feature record: C_FEATURE:1c_function_prototypes
    Feature record: C_FEATURE:1c_restrict
    Feature record: C_FEATURE:1c_static_assert
    Feature record: C_FEATURE:1c_variadic_macros


Detecting C [-std=c99] compiler features compiled with the following output:
Change Dir: /home/kevin/Code/AlgoLab17/ps7/1-maximum/CMakeFiles/CMakeTmp

Run Build Command:"/usr/bin/make" "cmTC_08f8a/fast"
/usr/bin/make -f CMakeFiles/cmTC_08f8a.dir/build.make CMakeFiles/cmTC_08f8a.dir/build
make[1]: Entering directory '/home/kevin/Code/AlgoLab17/ps7/1-maximum/CMakeFiles/CMakeTmp'
Building C object CMakeFiles/cmTC_08f8a.dir/feature_tests.c.o
/usr/bin/cc   -std=c99 -o CMakeFiles/cmTC_08f8a.dir/feature_tests.c.o   -c /home/kevin/Code/AlgoLab17/ps7/1-maximum/CMakeFiles/feature_tests.c
Linking C executable cmTC_08f8a
/usr/bin/cmake -E cmake_link_script CMakeFiles/cmTC_08f8a.dir/link.txt --verbose=1
/usr/bin/cc      -rdynamic CMakeFiles/cmTC_08f8a.dir/feature_tests.c.o  -o cmTC_08f8a 
make[1]: Leaving directory '/home/kevin/Code/AlgoLab17/ps7/1-maximum/CMakeFiles/CMakeTmp'


    Feature record: C_FEATURE:1c_function_prototypes
    Feature record: C_FEATURE:1c_restrict
    Feature record: C_FEATURE:0c_static_assert
    Feature record: C_FEATURE:1c_variadic_macros


Detecting C [-std=c90] compiler features compiled with the following output:
Change Dir: /home/kevin/Code/AlgoLab17/ps7/1-maximum/CMakeFiles/CMakeTmp

Run Build Command:"/usr/bin/make" "cmTC_ec4cb/fast"
/usr/bin/make -f CMakeFiles/cmTC_ec4cb.dir/build.make CMakeFiles/cmTC_ec4cb.dir/build
make[1]: Entering directory '/home/kevin/Code/AlgoLab17/ps7/1-maximum/CMakeFiles/CMakeTmp'
Building C object CMakeFiles/cmTC_ec4cb.dir/feature_tests.c.o
/usr/bin/cc   -std=c90 -o CMakeFiles/cmTC_ec4cb.dir/feature_tests.c.o   -c /home/kevin/Code/AlgoLab17/ps7/1-maximum/CMakeFiles/feature_tests.c
Linking C executable cmTC_ec4cb
/usr/bin/cmake -E cmake_link_script CMakeFiles/cmTC_ec4cb.dir/link.txt --verbose=1
/usr/bin/cc      -rdynamic CMakeFiles/cmTC_ec4cb.dir/feature_tests.c.o  -o cmTC_ec4cb 
make[1]: Leaving directory '/home/kevin/Code/AlgoLab17/ps7/1-maximum/CMakeFiles/CMakeTmp'


    Feature record: C_FEATURE:1c_function_prototypes
    Feature record: C_FEATURE:0c_restrict
    Feature record: C_FEATURE:0c_static_assert
    Feature record: C_FEATURE:0c_variadic_macros
Determining if the CXX compiler works passed with the following output:
Change Dir: /home/kevin/Code/AlgoLab17/ps7/1-maximum/CMakeFiles/CMakeTmp

Run Build Command:"/usr/bin/make" "cmTC_2698d/fast"
/usr/bin/make -f CMakeFiles/cmTC_2698d.dir/build.make CMakeFiles/cmTC_2698d.dir/build
make[1]: Entering directory '/home/kevin/Code/AlgoLab17/ps7/1-maximum/CMakeFiles/CMakeTmp'
Building CXX object CMakeFiles/cmTC_2698d.dir/testCXXCompiler.cxx.o
/usr/bin/c++     -o CMakeFiles/cmTC_2698d.dir/testCXXCompiler.cxx.o -c /home/kevin/Code/AlgoLab17/ps7/1-maximum/CMakeFiles/CMakeTmp/testCXXCompiler.cxx
Linking CXX executable cmTC_2698d
/usr/bin/cmake -E cmake_link_script CMakeFiles/cmTC_2698d.dir/link.txt --verbose=1
/usr/bin/c++       -rdynamic CMakeFiles/cmTC_2698d.dir/testCXXCompiler.cxx.o  -o cmTC_2698d 
make[1]: Leaving directory '/home/kevin/Code/AlgoLab17/ps7/1-maximum/CMakeFiles/CMakeTmp'


Detecting CXX compiler ABI info compiled with the following output:
Change Dir: /home/kevin/Code/AlgoLab17/ps7/1-maximum/CMakeFiles/CMakeTmp

Run Build Command:"/usr/bin/make" "cmTC_7fac7/fast"
/usr/bin/make -f CMakeFiles/cmTC_7fac7.dir/build.make CMakeFiles/cmTC_7fac7.dir/build
make[1]: Entering directory '/home/kevin/Code/AlgoLab17/ps7/1-maximum/CMakeFiles/CMakeTmp'
Building CXX object CMakeFiles/cmTC_7fac7.dir/CMakeCXXCompilerABI.cpp.o
/usr/bin/c++     -o CMakeFiles/cmTC_7fac7.dir/CMakeCXXCompilerABI.cpp.o -c /usr/share/cmake-3.9/Modules/CMakeCXXCompilerABI.cpp
Linking CXX executable cmTC_7fac7
/usr/bin/cmake -E cmake_link_script CMakeFiles/cmTC_7fac7.dir/link.txt --verbose=1
/usr/bin/c++      -v -rdynamic CMakeFiles/cmTC_7fac7.dir/CMakeCXXCompilerABI.cpp.o  -o cmTC_7fac7 
Using built-in specs.
COLLECT_GCC=/usr/bin/c++
COLLECT_LTO_WRAPPER=/usr/lib/gcc/x86_64-pc-linux-gnu/7.2.0/lto-wrapper
Target: x86_64-pc-linux-gnu
Configured with: /build/gcc/src/gcc/configure --prefix=/usr --libdir=/usr/lib --libexecdir=/usr/lib --mandir=/usr/share/man --infodir=/usr/share/info --with-bugurl=https://bugs.archlinux.org/ --enable-languages=c,c++,ada,fortran,go,lto,objc,obj-c++ --enable-shared --enable-threads=posix --enable-libmpx --with-system-zlib --with-isl --enable-__cxa_atexit --disable-libunwind-exceptions --enable-clocale=gnu --disable-libstdcxx-pch --disable-libssp --enable-gnu-unique-object --enable-linker-build-id --enable-lto --enable-plugin --enable-install-libiberty --with-linker-hash-style=gnu --enable-gnu-indirect-function --disable-multilib --disable-werror --enable-checking=release --enable-default-pie --enable-default-ssp
Thread model: posix
gcc version 7.2.0 (GCC) 
COMPILER_PATH=/usr/lib/gcc/x86_64-pc-linux-gnu/7.2.0/:/usr/lib/gcc/x86_64-pc-linux-gnu/7.2.0/:/usr/lib/gcc/x86_64-pc-linux-gnu/:/usr/lib/gcc/x86_64-pc-linux-gnu/7.2.0/:/usr/lib/gcc/x86_64-pc-linux-gnu/
LIBRARY_PATH=/usr/lib/gcc/x86_64-pc-linux-gnu/7.2.0/:/usr/lib/gcc/x86_64-pc-linux-gnu/7.2.0/../../../../lib/:/lib/../lib/:/usr/lib/../lib/:/usr/lib/gcc/x86_64-pc-linux-gnu/7.2.0/../../../:/lib/:/usr/lib/
COLLECT_GCC_OPTIONS='-v' '-rdynamic' '-o' 'cmTC_7fac7' '-shared-libgcc' '-mtune=generic' '-march=x86-64'
 /usr/lib/gcc/x86_64-pc-linux-gnu/7.2.0/collect2 -plugin /usr/lib/gcc/x86_64-pc-linux-gnu/7.2.0/liblto_plugin.so -plugin-opt=/usr/lib/gcc/x86_64-pc-linux-gnu/7.2.0/lto-wrapper -plugin-opt=-fresolution=/tmp/ccPTy87u.res -plugin-opt=-pass-through=-lgcc_s -plugin-opt=-pass-through=-lgcc -plugin-opt=-pass-through=-lc -plugin-opt=-pass-through=-lgcc_s -plugin-opt=-pass-through=-lgcc --build-id --eh-frame-hdr --hash-style=gnu -m elf_x86_64 -export-dynamic -dynamic-linker /lib64/ld-linux-x86-64.so.2 -pie -o cmTC_7fac7 /usr/lib/gcc/x86_64-pc-linux-gnu/7.2.0/../../../../lib/Scrt1.o /usr/lib/gcc/x86_64-pc-linux-gnu/7.2.0/../../../../lib/crti.o /usr/lib/gcc/x86_64-pc-linux-gnu/7.2.0/crtbeginS.o -L/usr/lib/gcc/x86_64-pc-linux-gnu/7.2.0 -L/usr/lib/gcc/x86_64-pc-linux-gnu/7.2.0/../../../../lib -L/lib/../lib -L/usr/lib/../lib -L/usr/lib/gcc/x86_64-pc-linux-gnu/7.2.0/../../.. CMakeFiles/cmTC_7fac7.dir/CMakeCXXCompilerABI.cpp.o -lstdc++ -lm -lgcc_s -lgcc -lc -lgcc_s -lgcc /usr/lib/gcc/x86_64-pc-linux-gnu/7.2.0/crtendS.o /usr/lib/gcc/x86_64-pc-linux-gnu/7.2.0/../../../../lib/crtn.o
COLLECT_GCC_OPTIONS='-v' '-rdynamic' '-o' 'cmTC_7fac7' '-shared-libgcc' '-mtune=generic' '-march=x86-64'
make[1]: Leaving directory '/home/kevin/Code/AlgoLab17/ps7/1-maximum/CMakeFiles/CMakeTmp'


Parsed CXX implicit link information from above output:
  link line regex: [^( *|.*[/\])(ld|CMAKE_LINK_STARTFILE-NOTFOUND|([^/\]+-)?ld|collect2)[^/\]*( |$)]
  ignore line: [Change Dir: /home/kevin/Code/AlgoLab17/ps7/1-maximum/CMakeFiles/CMakeTmp]
  ignore line: []
  ignore line: [Run Build Command:"/usr/bin/make" "cmTC_7fac7/fast"]
  ignore line: [/usr/bin/make -f CMakeFiles/cmTC_7fac7.dir/build.make CMakeFiles/cmTC_7fac7.dir/build]
  ignore line: [make[1]: Entering directory '/home/kevin/Code/AlgoLab17/ps7/1-maximum/CMakeFiles/CMakeTmp']
  ignore line: [Building CXX object CMakeFiles/cmTC_7fac7.dir/CMakeCXXCompilerABI.cpp.o]
  ignore line: [/usr/bin/c++     -o CMakeFiles/cmTC_7fac7.dir/CMakeCXXCompilerABI.cpp.o -c /usr/share/cmake-3.9/Modules/CMakeCXXCompilerABI.cpp]
  ignore line: [Linking CXX executable cmTC_7fac7]
  ignore line: [/usr/bin/cmake -E cmake_link_script CMakeFiles/cmTC_7fac7.dir/link.txt --verbose=1]
  ignore line: [/usr/bin/c++      -v -rdynamic CMakeFiles/cmTC_7fac7.dir/CMakeCXXCompilerABI.cpp.o  -o cmTC_7fac7 ]
  ignore line: [Using built-in specs.]
  ignore line: [COLLECT_GCC=/usr/bin/c++]
  ignore line: [COLLECT_LTO_WRAPPER=/usr/lib/gcc/x86_64-pc-linux-gnu/7.2.0/lto-wrapper]
  ignore line: [Target: x86_64-pc-linux-gnu]
  ignore line: [Configured with: /build/gcc/src/gcc/configure --prefix=/usr --libdir=/usr/lib --libexecdir=/usr/lib --mandir=/usr/share/man --infodir=/usr/share/info --with-bugurl=https://bugs.archlinux.org/ --enable-languages=c,c++,ada,fortran,go,lto,objc,obj-c++ --enable-shared --enable-threads=posix --enable-libmpx --with-system-zlib --with-isl --enable-__cxa_atexit --disable-libunwind-exceptions --enable-clocale=gnu --disable-libstdcxx-pch --disable-libssp --enable-gnu-unique-object --enable-linker-build-id --enable-lto --enable-plugin --enable-install-libiberty --with-linker-hash-style=gnu --enable-gnu-indirect-function --disable-multilib --disable-werror --enable-checking=release --enable-default-pie --enable-default-ssp]
  ignore line: [Thread model: posix]
  ignore line: [gcc version 7.2.0 (GCC) ]
  ignore line: [COMPILER_PATH=/usr/lib/gcc/x86_64-pc-linux-gnu/7.2.0/:/usr/lib/gcc/x86_64-pc-linux-gnu/7.2.0/:/usr/lib/gcc/x86_64-pc-linux-gnu/:/usr/lib/gcc/x86_64-pc-linux-gnu/7.2.0/:/usr/lib/gcc/x86_64-pc-linux-gnu/]
  ignore line: [LIBRARY_PATH=/usr/lib/gcc/x86_64-pc-linux-gnu/7.2.0/:/usr/lib/gcc/x86_64-pc-linux-gnu/7.2.0/../../../../lib/:/lib/../lib/:/usr/lib/../lib/:/usr/lib/gcc/x86_64-pc-linux-gnu/7.2.0/../../../:/lib/:/usr/lib/]
  ignore line: [COLLECT_GCC_OPTIONS='-v' '-rdynamic' '-o' 'cmTC_7fac7' '-shared-libgcc' '-mtune=generic' '-march=x86-64']
  link line: [ /usr/lib/gcc/x86_64-pc-linux-gnu/7.2.0/collect2 -plugin /usr/lib/gcc/x86_64-pc-linux-gnu/7.2.0/liblto_plugin.so -plugin-opt=/usr/lib/gcc/x86_64-pc-linux-gnu/7.2.0/lto-wrapper -plugin-opt=-fresolution=/tmp/ccPTy87u.res -plugin-opt=-pass-through=-lgcc_s -plugin-opt=-pass-through=-lgcc -plugin-opt=-pass-through=-lc -plugin-opt=-pass-through=-lgcc_s -plugin-opt=-pass-through=-lgcc --build-id --eh-frame-hdr --hash-style=gnu -m elf_x86_64 -export-dynamic -dynamic-linker /lib64/ld-linux-x86-64.so.2 -pie -o cmTC_7fac7 /usr/lib/gcc/x86_64-pc-linux-gnu/7.2.0/../../../../lib/Scrt1.o /usr/lib/gcc/x86_64-pc-linux-gnu/7.2.0/../../../../lib/crti.o /usr/lib/gcc/x86_64-pc-linux-gnu/7.2.0/crtbeginS.o -L/usr/lib/gcc/x86_64-pc-linux-gnu/7.2.0 -L/usr/lib/gcc/x86_64-pc-linux-gnu/7.2.0/../../../../lib -L/lib/../lib -L/usr/lib/../lib -L/usr/lib/gcc/x86_64-pc-linux-gnu/7.2.0/../../.. CMakeFiles/cmTC_7fac7.dir/CMakeCXXCompilerABI.cpp.o -lstdc++ -lm -lgcc_s -lgcc -lc -lgcc_s -lgcc /usr/lib/gcc/x86_64-pc-linux-gnu/7.2.0/crtendS.o /usr/lib/gcc/x86_64-pc-linux-gnu/7.2.0/../../../../lib/crtn.o]
    arg [/usr/lib/gcc/x86_64-pc-linux-gnu/7.2.0/collect2] ==> ignore
    arg [-plugin] ==> ignore
    arg [/usr/lib/gcc/x86_64-pc-linux-gnu/7.2.0/liblto_plugin.so] ==> ignore
    arg [-plugin-opt=/usr/lib/gcc/x86_64-pc-linux-gnu/7.2.0/lto-wrapper] ==> ignore
    arg [-plugin-opt=-fresolution=/tmp/ccPTy87u.res] ==> ignore
    arg [-plugin-opt=-pass-through=-lgcc_s] ==> ignore
    arg [-plugin-opt=-pass-through=-lgcc] ==> ignore
    arg [-plugin-opt=-pass-through=-lc] ==> ignore
    arg [-plugin-opt=-pass-through=-lgcc_s] ==> ignore
    arg [-plugin-opt=-pass-through=-lgcc] ==> ignore
    arg [--build-id] ==> ignore
    arg [--eh-frame-hdr] ==> ignore
    arg [--hash-style=gnu] ==> ignore
    arg [-m] ==> ignore
    arg [elf_x86_64] ==> ignore
    arg [-export-dynamic] ==> ignore
    arg [-dynamic-linker] ==> ignore
    arg [/lib64/ld-linux-x86-64.so.2] ==> ignore
    arg [-pie] ==> ignore
    arg [-o] ==> ignore
    arg [cmTC_7fac7] ==> ignore
    arg [/usr/lib/gcc/x86_64-pc-linux-gnu/7.2.0/../../../../lib/Scrt1.o] ==> ignore
    arg [/usr/lib/gcc/x86_64-pc-linux-gnu/7.2.0/../../../../lib/crti.o] ==> ignore
    arg [/usr/lib/gcc/x86_64-pc-linux-gnu/7.2.0/crtbeginS.o] ==> ignore
    arg [-L/usr/lib/gcc/x86_64-pc-linux-gnu/7.2.0] ==> dir [/usr/lib/gcc/x86_64-pc-linux-gnu/7.2.0]
    arg [-L/usr/lib/gcc/x86_64-pc-linux-gnu/7.2.0/../../../../lib] ==> dir [/usr/lib/gcc/x86_64-pc-linux-gnu/7.2.0/../../../../lib]
    arg [-L/lib/../lib] ==> dir [/lib/../lib]
    arg [-L/usr/lib/../lib] ==> dir [/usr/lib/../lib]
    arg [-L/usr/lib/gcc/x86_64-pc-linux-gnu/7.2.0/../../..] ==> dir [/usr/lib/gcc/x86_64-pc-linux-gnu/7.2.0/../../..]
    arg [CMakeFiles/cmTC_7fac7.dir/CMakeCXXCompilerABI.cpp.o] ==> ignore
    arg [-lstdc++] ==> lib [stdc++]
    arg [-lm] ==> lib [m]
    arg [-lgcc_s] ==> lib [gcc_s]
    arg [-lgcc] ==> lib [gcc]
    arg [-lc] ==> lib [c]
    arg [-lgcc_s] ==> lib [gcc_s]
    arg [-lgcc] ==> lib [gcc]
    arg [/usr/lib/gcc/x86_64-pc-linux-gnu/7.2.0/crtendS.o] ==> ignore
    arg [/usr/lib/gcc/x86_64-pc-linux-gnu/7.2.0/../../../../lib/crtn.o] ==> ignore
  collapse library dir [/usr/lib/gcc/x86_64-pc-linux-gnu/7.2.0] ==> [/usr/lib/gcc/x86_64-pc-linux-gnu/7.2.0]
  collapse library dir [/usr/lib/gcc/x86_64-pc-linux-gnu/7.2.0/../../../../lib] ==> [/usr/lib]
  collapse library dir [/lib/../lib] ==> [/lib]
  collapse library dir [/usr/lib/../lib] ==> [/usr/lib]
  collapse library dir [/usr/lib/gcc/x86_64-pc-linux-gnu/7.2.0/../../..] ==> [/usr/lib]
  implicit libs: [stdc++;m;gcc_s;gcc;c;gcc_s;gcc]
  implicit dirs: [/usr/lib/gcc/x86_64-pc-linux-gnu/7.2.0;/usr/lib;/lib]
  implicit fwks: []




Detecting CXX [-std=c++1z] compiler features compiled with the following output:
Change Dir: /home/kevin/Code/AlgoLab17/ps7/1-maximum/CMakeFiles/CMakeTmp

Run Build Command:"/usr/bin/make" "cmTC_e071c/fast"
/usr/bin/make -f CMakeFiles/cmTC_e071c.dir/build.make CMakeFiles/cmTC_e071c.dir/build
make[1]: Entering directory '/home/kevin/Code/AlgoLab17/ps7/1-maximum/CMakeFiles/CMakeTmp'
Building CXX object CMakeFiles/cmTC_e071c.dir/feature_tests.cxx.o
/usr/bin/c++    -std=c++1z -o CMakeFiles/cmTC_e071c.dir/feature_tests.cxx.o -c /home/kevin/Code/AlgoLab17/ps7/1-maximum/CMakeFiles/feature_tests.cxx
Linking CXX executable cmTC_e071c
/usr/bin/cmake -E cmake_link_script CMakeFiles/cmTC_e071c.dir/link.txt --verbose=1
/usr/bin/c++       -rdynamic CMakeFiles/cmTC_e071c.dir/feature_tests.cxx.o  -o cmTC_e071c 
make[1]: Leaving directory '/home/kevin/Code/AlgoLab17/ps7/1-maximum/CMakeFiles/CMakeTmp'


    Feature record: CXX_FEATURE:1cxx_aggregate_default_initializers
    Feature record: CXX_FEATURE:1cxx_alias_templates
    Feature record: CXX_FEATURE:1cxx_alignas
    Feature record: CXX_FEATURE:1cxx_alignof
    Feature record: CXX_FEATURE:1cxx_attributes
    Feature record: CXX_FEATURE:1cxx_attribute_deprecated
    Feature record: CXX_FEATURE:1cxx_auto_type
    Feature record: CXX_FEATURE:1cxx_binary_literals
    Feature record: CXX_FEATURE:1cxx_constexpr
    Feature record: CXX_FEATURE:1cxx_contextual_conversions
    Feature record: CXX_FEATURE:1cxx_decltype
    Feature record: CXX_FEATURE:1cxx_decltype_auto
    Feature record: CXX_FEATURE:1cxx_decltype_incomplete_return_types
    Feature record: CXX_FEATURE:1cxx_default_function_template_args
    Feature record: CXX_FEATURE:1cxx_defaulted_functions
    Feature record: CXX_FEATURE:1cxx_defaulted_move_initializers
    Feature record: CXX_FEATURE:1cxx_delegating_constructors
    Feature record: CXX_FEATURE:1cxx_deleted_functions
    Feature record: CXX_FEATURE:1cxx_digit_separators
    Feature record: CXX_FEATURE:1cxx_enum_forward_declarations
    Feature record: CXX_FEATURE:1cxx_explicit_conversions
    Feature record: CXX_FEATURE:1cxx_extended_friend_declarations
    Feature record: CXX_FEATURE:1cxx_extern_templates
    Feature record: CXX_FEATURE:1cxx_final
    Feature record: CXX_FEATURE:1cxx_func_identifier
    Feature record: CXX_FEATURE:1cxx_generalized_initializers
    Feature record: CXX_FEATURE:1cxx_generic_lambdas
    Feature record: CXX_FEATURE:1cxx_inheriting_constructors
    Feature record: CXX_FEATURE:1cxx_inline_namespaces
    Feature record: CXX_FEATURE:1cxx_lambdas
    Feature record: CXX_FEATURE:1cxx_lambda_init_captures
    Feature record: CXX_FEATURE:1cxx_local_type_template_args
    Feature record: CXX_FEATURE:1cxx_long_long_type
    Feature record: CXX_FEATURE:1cxx_noexcept
    Feature record: CXX_FEATURE:1cxx_nonstatic_member_init
    Feature record: CXX_FEATURE:1cxx_nullptr
    Feature record: CXX_FEATURE:1cxx_override
    Feature record: CXX_FEATURE:1cxx_range_for
    Feature record: CXX_FEATURE:1cxx_raw_string_literals
    Feature record: CXX_FEATURE:1cxx_reference_qualified_functions
    Feature record: CXX_FEATURE:1cxx_relaxed_constexpr
    Feature record: CXX_FEATURE:1cxx_return_type_deduction
    Feature record: CXX_FEATURE:1cxx_right_angle_brackets
    Feature record: CXX_FEATURE:1cxx_rvalue_references
    Feature record: CXX_FEATURE:1cxx_sizeof_member
    Feature record: CXX_FEATURE:1cxx_static_assert
    Feature record: CXX_FEATURE:1cxx_strong_enums
    Feature record: CXX_FEATURE:1cxx_template_template_parameters
    Feature record: CXX_FEATURE:1cxx_thread_local
    Feature record: CXX_FEATURE:1cxx_trailing_return_types
    Feature record: CXX_FEATURE:1cxx_unicode_literals
    Feature record: CXX_FEATURE:1cxx_uniform_initialization
    Feature record: CXX_FEATURE:1cxx_unrestricted_unions
    Feature record: CXX_FEATURE:1cxx_user_literals
    Feature record: CXX_FEATURE:1cxx_variable_templates
    Feature record: CXX_FEATURE:1cxx_variadic_macros
    Feature record: CXX_FEATURE:1cxx_variadic_templates


Detecting CXX [-std=c++14] compiler features compiled with the following output:
Change Dir: /home/kevin/Code/AlgoLab17/ps7/1-maximum/CMakeFiles/CMakeTmp

Run Build Command:"/usr/bin/make" "cmTC_179f3/fast"
/usr/bin/make -f CMakeFiles/cmTC_179f3.dir/build.make CMakeFiles/cmTC_179f3.dir/build
make[1]: Entering directory '/home/kevin/Code/AlgoLab17/ps7/1-maximum/CMakeFiles/CMakeTmp'
Building CXX object CMakeFiles/cmTC_179f3.dir/feature_tests.cxx.o
/usr/bin/c++    -std=c++14 -o CMakeFiles/cmTC_179f3.dir/feature_tests.cxx.o -c /home/kevin/Code/AlgoLab17/ps7/1-maximum/CMakeFiles/feature_tests.cxx
Linking CXX executable cmTC_179f3
/usr/bin/cmake -E cmake_link_script CMakeFiles/cmTC_179f3.dir/link.txt --verbose=1
/usr/bin/c++       -rdynamic CMakeFiles/cmTC_179f3.dir/feature_tests.cxx.o  -o cmTC_179f3 
make[1]: Leaving directory '/home/kevin/Code/AlgoLab17/ps7/1-maximum/CMakeFiles/CMakeTmp'


    Feature record: CXX_FEATURE:1cxx_aggregate_default_initializers
    Feature record: CXX_FEATURE:1cxx_alias_templates
    Feature record: CXX_FEATURE:1cxx_alignas
    Feature record: CXX_FEATURE:1cxx_alignof
    Feature record: CXX_FEATURE:1cxx_attributes
    Feature record: CXX_FEATURE:1cxx_attribute_deprecated
    Feature record: CXX_FEATURE:1cxx_auto_type
    Feature record: CXX_FEATURE:1cxx_binary_literals
    Feature record: CXX_FEATURE:1cxx_constexpr
    Feature record: CXX_FEATURE:1cxx_contextual_conversions
    Feature record: CXX_FEATURE:1cxx_decltype
    Feature record: CXX_FEATURE:1cxx_decltype_auto
    Feature record: CXX_FEATURE:1cxx_decltype_incomplete_return_types
    Feature record: CXX_FEATURE:1cxx_default_function_template_args
    Feature record: CXX_FEATURE:1cxx_defaulted_functions
    Feature record: CXX_FEATURE:1cxx_defaulted_move_initializers
    Feature record: CXX_FEATURE:1cxx_delegating_constructors
    Feature record: CXX_FEATURE:1cxx_deleted_functions
    Feature record: CXX_FEATURE:1cxx_digit_separators
    Feature record: CXX_FEATURE:1cxx_enum_forward_declarations
    Feature record: CXX_FEATURE:1cxx_explicit_conversions
    Feature record: CXX_FEATURE:1cxx_extended_friend_declarations
    Feature record: CXX_FEATURE:1cxx_extern_templates
    Feature record: CXX_FEATURE:1cxx_final
    Feature record: CXX_FEATURE:1cxx_func_identifier
    Feature record: CXX_FEATURE:1cxx_generalized_initializers
    Feature record: CXX_FEATURE:1cxx_generic_lambdas
    Feature record: CXX_FEATURE:1cxx_inheriting_constructors
    Feature record: CXX_FEATURE:1cxx_inline_namespaces
    Feature record: CXX_FEATURE:1cxx_lambdas
    Feature record: CXX_FEATURE:1cxx_lambda_init_captures
    Feature record: CXX_FEATURE:1cxx_local_type_template_args
    Feature record: CXX_FEATURE:1cxx_long_long_type
    Feature record: CXX_FEATURE:1cxx_noexcept
    Feature record: CXX_FEATURE:1cxx_nonstatic_member_init
    Feature record: CXX_FEATURE:1cxx_nullptr
    Feature record: CXX_FEATURE:1cxx_override
    Feature record: CXX_FEATURE:1cxx_range_for
    Feature record: CXX_FEATURE:1cxx_raw_string_literals
    Feature record: CXX_FEATURE:1cxx_reference_qualified_functions
    Feature record: CXX_FEATURE:1cxx_relaxed_constexpr
    Feature record: CXX_FEATURE:1cxx_return_type_deduction
    Feature record: CXX_FEATURE:1cxx_right_angle_brackets
    Feature record: CXX_FEATURE:1cxx_rvalue_references
    Feature record: CXX_FEATURE:1cxx_sizeof_member
    Feature record: CXX_FEATURE:1cxx_static_assert
    Feature record: CXX_FEATURE:1cxx_strong_enums
    Feature record: CXX_FEATURE:1cxx_template_template_parameters
    Feature record: CXX_FEATURE:1cxx_thread_local
    Feature record: CXX_FEATURE:1cxx_trailing_return_types
    Feature record: CXX_FEATURE:1cxx_unicode_literals
    Feature record: CXX_FEATURE:1cxx_uniform_initialization
    Feature record: CXX_FEATURE:1cxx_unrestricted_unions
    Feature record: CXX_FEATURE:1cxx_user_literals
    Feature record: CXX_FEATURE:1cxx_variable_templates
    Feature record: CXX_FEATURE:1cxx_variadic_macros
    Feature record: CXX_FEATURE:1cxx_variadic_templates


Detecting CXX [-std=c++11] compiler features compiled with the following output:
Change Dir: /home/kevin/Code/AlgoLab17/ps7/1-maximum/CMakeFiles/CMakeTmp

Run Build Command:"/usr/bin/make" "cmTC_fc6e3/fast"
/usr/bin/make -f CMakeFiles/cmTC_fc6e3.dir/build.make CMakeFiles/cmTC_fc6e3.dir/build
make[1]: Entering directory '/home/kevin/Code/AlgoLab17/ps7/1-maximum/CMakeFiles/CMakeTmp'
Building CXX object CMakeFiles/cmTC_fc6e3.dir/feature_tests.cxx.o
/usr/bin/c++    -std=c++11 -o CMakeFiles/cmTC_fc6e3.dir/feature_tests.cxx.o -c /home/kevin/Code/AlgoLab17/ps7/1-maximum/CMakeFiles/feature_tests.cxx
Linking CXX executable cmTC_fc6e3
/usr/bin/cmake -E cmake_link_script CMakeFiles/cmTC_fc6e3.dir/link.txt --verbose=1
/usr/bin/c++       -rdynamic CMakeFiles/cmTC_fc6e3.dir/feature_tests.cxx.o  -o cmTC_fc6e3 
make[1]: Leaving directory '/home/kevin/Code/AlgoLab17/ps7/1-maximum/CMakeFiles/CMakeTmp'


    Feature record: CXX_FEATURE:0cxx_aggregate_default_initializers
    Feature record: CXX_FEATURE:1cxx_alias_templates
    Feature record: CXX_FEATURE:1cxx_alignas
    Feature record: CXX_FEATURE:1cxx_alignof
    Feature record: CXX_FEATURE:1cxx_attributes
    Feature record: CXX_FEATURE:0cxx_attribute_deprecated
    Feature record: CXX_FEATURE:1cxx_auto_type
    Feature record: CXX_FEATURE:0cxx_binary_literals
    Feature record: CXX_FEATURE:1cxx_constexpr
    Feature record: CXX_FEATURE:0cxx_contextual_conversions
    Feature record: CXX_FEATURE:1cxx_decltype
    Feature record: CXX_FEATURE:0cxx_decltype_auto
    Feature record: CXX_FEATURE:1cxx_decltype_incomplete_return_types
    Feature record: CXX_FEATURE:1cxx_default_function_template_args
    Feature record: CXX_FEATURE:1cxx_defaulted_functions
    Feature record: CXX_FEATURE:1cxx_defaulted_move_initializers
    Feature record: CXX_FEATURE:1cxx_delegating_constructors
    Feature record: CXX_FEATURE:1cxx_deleted_functions
    Feature record: CXX_FEATURE:0cxx_digit_separators
    Feature record: CXX_FEATURE:1cxx_enum_forward_declarations
    Feature record: CXX_FEATURE:1cxx_explicit_conversions
    Feature record: CXX_FEATURE:1cxx_extended_friend_declarations
    Feature record: CXX_FEATURE:1cxx_extern_templates
    Feature record: CXX_FEATURE:1cxx_final
    Feature record: CXX_FEATURE:1cxx_func_identifier
    Feature record: CXX_FEATURE:1cxx_generalized_initializers
    Feature record: CXX_FEATURE:0cxx_generic_lambdas
    Feature record: CXX_FEATURE:1cxx_inheriting_constructors
    Feature record: CXX_FEATURE:1cxx_inline_namespaces
    Feature record: CXX_FEATURE:1cxx_lambdas
    Feature record: CXX_FEATURE:0cxx_lambda_init_captures
    Feature record: CXX_FEATURE:1cxx_local_type_template_args
    Feature record: CXX_FEATURE:1cxx_long_long_type
    Feature record: CXX_FEATURE:1cxx_noexcept
    Feature record: CXX_FEATURE:1cxx_nonstatic_member_init
    Feature record: CXX_FEATURE:1cxx_nullptr
    Feature record: CXX_FEATURE:1cxx_override
    Feature record: CXX_FEATURE:1cxx_range_for
    Feature record: CXX_FEATURE:1cxx_raw_string_literals
    Feature record: CXX_FEATURE:1cxx_reference_qualified_functions
    Feature record: CXX_FEATURE:0cxx_relaxed_constexpr
    Feature record: CXX_FEATURE:0cxx_return_type_deduction
    Feature record: CXX_FEATURE:1cxx_right_angle_brackets
    Feature record: CXX_FEATURE:1cxx_rvalue_references
    Feature record: CXX_FEATURE:1cxx_sizeof_member
    Feature record: CXX_FEATURE:1cxx_static_assert
    Feature record: CXX_FEATURE:1cxx_strong_enums
    Feature record: CXX_FEATURE:1cxx_template_template_parameters
    Feature record: CXX_FEATURE:1cxx_thread_local
    Feature record: CXX_FEATURE:1cxx_trailing_return_types
    Feature record: CXX_FEATURE:1cxx_unicode_literals
    Feature record: CXX_FEATURE:1cxx_uniform_initialization
    Feature record: CXX_FEATURE:1cxx_unrestricted_unions
    Feature record: CXX_FEATURE:1cxx_user_literals
    Feature record: CXX_FEATURE:0cxx_variable_templates
    Feature record: CXX_FEATURE:1cxx_variadic_macros
    Feature record: CXX_FEATURE:1cxx_variadic_templates


Detecting CXX [-std=c++98] compiler features compiled with the following output:
Change Dir: /home/kevin/Code/AlgoLab17/ps7/1-maximum/CMakeFiles/CMakeTmp

Run Build Command:"/usr/bin/make" "cmTC_20858/fast"
/usr/bin/make -f CMakeFiles/cmTC_20858.dir/build.make CMakeFiles/cmTC_20858.dir/build
make[1]: Entering directory '/home/kevin/Code/AlgoLab17/ps7/1-maximum/CMakeFiles/CMakeTmp'
Building CXX object CMakeFiles/cmTC_20858.dir/feature_tests.cxx.o
/usr/bin/c++    -std=c++98 -o CMakeFiles/cmTC_20858.dir/feature_tests.cxx.o -c /home/kevin/Code/AlgoLab17/ps7/1-maximum/CMakeFiles/feature_tests.cxx
Linking CXX executable cmTC_20858
/usr/bin/cmake -E cmake_link_script CMakeFiles/cmTC_20858.dir/link.txt --verbose=1
/usr/bin/c++       -rdynamic CMakeFiles/cmTC_20858.dir/feature_tests.cxx.o  -o cmTC_20858 
make[1]: Leaving directory '/home/kevin/Code/AlgoLab17/ps7/1-maximum/CMakeFiles/CMakeTmp'


    Feature record: CXX_FEATURE:0cxx_aggregate_default_initializers
    Feature record: CXX_FEATURE:0cxx_alias_templates
    Feature record: CXX_FEATURE:0cxx_alignas
    Feature record: CXX_FEATURE:0cxx_alignof
    Feature record: CXX_FEATURE:0cxx_attributes
    Feature record: CXX_FEATURE:0cxx_attribute_deprecated
    Feature record: CXX_FEATURE:0cxx_auto_type
    Feature record: CXX_FEATURE:0cxx_binary_literals
    Feature record: CXX_FEATURE:0cxx_constexpr
    Feature record: CXX_FEATURE:0cxx_contextual_conversions
    Feature record: CXX_FEATURE:0cxx_decltype
    Feature record: CXX_FEATURE:0cxx_decltype_auto
    Feature record: CXX_FEATURE:0cxx_decltype_incomplete_return_types
    Feature record: CXX_FEATURE:0cxx_default_function_template_args
    Feature record: CXX_FEATURE:0cxx_defaulted_functions
    Feature record: CXX_FEATURE:0cxx_defaulted_move_initializers
    Feature record: CXX_FEATURE:0cxx_delegating_constructors
    Feature record: CXX_FEATURE:0cxx_deleted_functions
    Feature record: CXX_FEATURE:0cxx_digit_separators
    Feature record: CXX_FEATURE:0cxx_enum_forward_declarations
    Feature record: CXX_FEATURE:0cxx_explicit_conversions
    Feature record: CXX_FEATURE:0cxx_extended_friend_declarations
    Feature record: CXX_FEATURE:0cxx_extern_templates
    Feature record: CXX_FEATURE:0cxx_final
    Feature record: CXX_FEATURE:0cxx_func_identifier
    Feature record: CXX_FEATURE:0cxx_generalized_initializers
    Feature record: CXX_FEATURE:0cxx_generic_lambdas
    Feature record: CXX_FEATURE:0cxx_inheriting_constructors
    Feature record: CXX_FEATURE:0cxx_inline_namespaces
    Feature record: CXX_FEATURE:0cxx_lambdas
    Feature record: CXX_FEATURE:0cxx_lambda_init_captures
    Feature record: CXX_FEATURE:0cxx_local_type_template_args
    Feature record: CXX_FEATURE:0cxx_long_long_type
    Feature record: CXX_FEATURE:0cxx_noexcept
    Feature record: CXX_FEATURE:0cxx_nonstatic_member_init
    Feature record: CXX_FEATURE:0cxx_nullptr
    Feature record: CXX_FEATURE:0cxx_override
    Feature record: CXX_FEATURE:0cxx_range_for
    Feature record: CXX_FEATURE:0cxx_raw_string_literals
    Feature record: CXX_FEATURE:0cxx_reference_qualified_functions
    Feature record: CXX_FEATURE:0cxx_relaxed_constexpr
    Feature record: CXX_FEATURE:0cxx_return_type_deduction
    Feature record: CXX_FEATURE:0cxx_right_angle_brackets
    Feature record: CXX_FEATURE:0cxx_rvalue_references
    Feature record: CXX_FEATURE:0cxx_sizeof_member
    Feature record: CXX_FEATURE:0cxx_static_assert
    Feature record: CXX_FEATURE:0cxx_strong_enums
    Feature record: CXX_FEATURE:1cxx_template_template_parameters
    Feature record: CXX_FEATURE:0cxx_thread_local
    Feature record: CXX_FEATURE:0cxx_trailing_return_types
    Feature record: CXX_FEATURE:0cxx_unicode_literals
    Feature record: CXX_FEATURE:0cxx_uniform_initialization
    Feature record: CXX_FEATURE:0cxx_unrestricted_unions
    Feature record: CXX_FEATURE:0cxx_user_literals
    Feature record: CXX_FEATURE:0cxx_variable_templates
    Feature record: CXX_FEATURE:0cxx_variadic_macros
    Feature record: CXX_FEATURE:0cxx_variadic_templates
Determining if the include file pthread.h exists passed with the following output:
Change Dir: /home/kevin/Code/AlgoLab17/ps7/1-maximum/CMakeFiles/CMakeTmp

Run Build Command:"/usr/bin/make" "cmTC_5c2a1/fast"
/usr/bin/make -f CMakeFiles/cmTC_5c2a1.dir/build.make CMakeFiles/cmTC_5c2a1.dir/build
make[1]: Entering directory '/home/kevin/Code/AlgoLab17/ps7/1-maximum/CMakeFiles/CMakeTmp'
Building C object CMakeFiles/cmTC_5c2a1.dir/CheckIncludeFile.c.o
/usr/bin/cc    -o CMakeFiles/cmTC_5c2a1.dir/CheckIncludeFile.c.o   -c /home/kevin/Code/AlgoLab17/ps7/1-maximum/CMakeFiles/CMakeTmp/CheckIncludeFile.c
Linking C executable cmTC_5c2a1
/usr/bin/cmake -E cmake_link_script CMakeFiles/cmTC_5c2a1.dir/link.txt --verbose=1
/usr/bin/cc      -rdynamic CMakeFiles/cmTC_5c2a1.dir/CheckIncludeFile.c.o  -o cmTC_5c2a1 
make[1]: Leaving directory '/home/kevin/Code/AlgoLab17/ps7/1-maximum/CMakeFiles/CMakeTmp'


Determining if the function pthread_create exists in the pthread passed with the following output:
Change Dir: /home/kevin/Code/AlgoLab17/ps7/1-maximum/CMakeFiles/CMakeTmp

Run Build Command:"/usr/bin/make" "cmTC_373ef/fast"
/usr/bin/make -f CMakeFiles/cmTC_373ef.dir/build.make CMakeFiles/cmTC_373ef.dir/build
make[1]: Entering directory '/home/kevin/Code/AlgoLab17/ps7/1-maximum/CMakeFiles/CMakeTmp'
Building C object CMakeFiles/cmTC_373ef.dir/CheckFunctionExists.c.o
/usr/bin/cc   -DCHECK_FUNCTION_EXISTS=pthread_create   -o CMakeFiles/cmTC_373ef.dir/CheckFunctionExists.c.o   -c /usr/share/cmake-3.9/Modules/CheckFunctionExists.c
Linking C executable cmTC_373ef
/usr/bin/cmake -E cmake_link_script CMakeFiles/cmTC_373ef.dir/link.txt --verbose=1
/usr/bin/cc  -DCHECK_FUNCTION_EXISTS=pthread_create    -rdynamic CMakeFiles/cmTC_373ef.dir/CheckFunctionExists.c.o  -o cmTC_373ef -lpthread 
make[1]: Leaving directory '/home/kevin/Code/AlgoLab17/ps7/1-maximum/CMakeFiles/CMakeTmp'


The system is: Linux - 4.13.12-1-ARCH - x86_64
Compiling the C compiler identification source file "CMakeCCompilerId.c" succeeded.
Compiler: /usr/bin/cc 
Build flags: 
Id flags:  

The output was:
0


Compilation of the C compiler identification source "CMakeCCompilerId.c" produced "a.out"

The C compiler identification is GNU, found in "/home/kevin/Code/AlgoLab17/ps7/1-maximum/CMakeFiles/3.9.6/CompilerIdC/a.out"

Compiling the CXX compiler identification source file "CMakeCXXCompilerId.cpp" succeeded.
Compiler: /usr/bin/c++ 
Build flags: -march=x86-64;-mtune=generic;-O2;-pipe;-fstack-protector-strong;-fno-plt;-frounding-math
Id flags:  

The output was:
0


Compilation of the CXX compiler identification source "CMakeCXXCompilerId.cpp" produced "a.out"

The CXX compiler identification is GNU, found in "/home/kevin/Code/AlgoLab17/ps7/1-maximum/CMakeFiles/3.9.6/CompilerIdCXX/a.out"

Determining if the C compiler works passed with the following output:
Change Dir: /home/kevin/Code/AlgoLab17/ps7/1-maximum/CMakeFiles/CMakeTmp

Run Build Command:"/usr/bin/make" "cmTC_916da/fast"
make[1]: Entering directory '/home/kevin/Code/AlgoLab17/ps7/1-maximum/CMakeFiles/CMakeTmp'
/usr/bin/make -f CMakeFiles/cmTC_916da.dir/build.make CMakeFiles/cmTC_916da.dir/build
make[2]: Entering directory '/home/kevin/Code/AlgoLab17/ps7/1-maximum/CMakeFiles/CMakeTmp'
Building C object CMakeFiles/cmTC_916da.dir/testCCompiler.c.o
/usr/bin/cc    -o CMakeFiles/cmTC_916da.dir/testCCompiler.c.o   -c /home/kevin/Code/AlgoLab17/ps7/1-maximum/CMakeFiles/CMakeTmp/testCCompiler.c
Linking C executable cmTC_916da
/usr/bin/cmake -E cmake_link_script CMakeFiles/cmTC_916da.dir/link.txt --verbose=1
/usr/bin/cc      -rdynamic CMakeFiles/cmTC_916da.dir/testCCompiler.c.o  -o cmTC_916da 
make[2]: Leaving directory '/home/kevin/Code/AlgoLab17/ps7/1-maximum/CMakeFiles/CMakeTmp'
make[1]: Leaving directory '/home/kevin/Code/AlgoLab17/ps7/1-maximum/CMakeFiles/CMakeTmp'


Detecting C compiler ABI info compiled with the following output:
Change Dir: /home/kevin/Code/AlgoLab17/ps7/1-maximum/CMakeFiles/CMakeTmp

Run Build Command:"/usr/bin/make" "cmTC_03aaa/fast"
make[1]: Entering directory '/home/kevin/Code/AlgoLab17/ps7/1-maximum/CMakeFiles/CMakeTmp'
/usr/bin/make -f CMakeFiles/cmTC_03aaa.dir/build.make CMakeFiles/cmTC_03aaa.dir/build
make[2]: Entering directory '/home/kevin/Code/AlgoLab17/ps7/1-maximum/CMakeFiles/CMakeTmp'
Building C object CMakeFiles/cmTC_03aaa.dir/CMakeCCompilerABI.c.o
/usr/bin/cc    -o CMakeFiles/cmTC_03aaa.dir/CMakeCCompilerABI.c.o   -c /usr/share/cmake-3.9/Modules/CMakeCCompilerABI.c
Linking C executable cmTC_03aaa
/usr/bin/cmake -E cmake_link_script CMakeFiles/cmTC_03aaa.dir/link.txt --verbose=1
/usr/bin/cc     -v -rdynamic CMakeFiles/cmTC_03aaa.dir/CMakeCCompilerABI.c.o  -o cmTC_03aaa 
Using built-in specs.
COLLECT_GCC=/usr/bin/cc
COLLECT_LTO_WRAPPER=/usr/lib/gcc/x86_64-pc-linux-gnu/7.2.0/lto-wrapper
Target: x86_64-pc-linux-gnu
Configured with: /build/gcc/src/gcc/configure --prefix=/usr --libdir=/usr/lib --libexecdir=/usr/lib --mandir=/usr/share/man --infodir=/usr/share/info --with-bugurl=https://bugs.archlinux.org/ --enable-languages=c,c++,ada,fortran,go,lto,objc,obj-c++ --enable-shared --enable-threads=posix --enable-libmpx --with-system-zlib --with-isl --enable-__cxa_atexit --disable-libunwind-exceptions --enable-clocale=gnu --disable-libstdcxx-pch --disable-libssp --enable-gnu-unique-object --enable-linker-build-id --enable-lto --enable-plugin --enable-install-libiberty --with-linker-hash-style=gnu --enable-gnu-indirect-function --disable-multilib --disable-werror --enable-checking=release --enable-default-pie --enable-default-ssp
Thread model: posix
gcc version 7.2.0 (GCC) 
COMPILER_PATH=/usr/lib/gcc/x86_64-pc-linux-gnu/7.2.0/:/usr/lib/gcc/x86_64-pc-linux-gnu/7.2.0/:/usr/lib/gcc/x86_64-pc-linux-gnu/:/usr/lib/gcc/x86_64-pc-linux-gnu/7.2.0/:/usr/lib/gcc/x86_64-pc-linux-gnu/
LIBRARY_PATH=/usr/lib/gcc/x86_64-pc-linux-gnu/7.2.0/:/usr/lib/gcc/x86_64-pc-linux-gnu/7.2.0/../../../../lib/:/lib/../lib/:/usr/lib/../lib/:/usr/lib/gcc/x86_64-pc-linux-gnu/7.2.0/../../../:/lib/:/usr/lib/
COLLECT_GCC_OPTIONS='-v' '-rdynamic' '-o' 'cmTC_03aaa' '-mtune=generic' '-march=x86-64'
 /usr/lib/gcc/x86_64-pc-linux-gnu/7.2.0/collect2 -plugin /usr/lib/gcc/x86_64-pc-linux-gnu/7.2.0/liblto_plugin.so -plugin-opt=/usr/lib/gcc/x86_64-pc-linux-gnu/7.2.0/lto-wrapper -plugin-opt=-fresolution=/tmp/cc2fseVQ.res -plugin-opt=-pass-through=-lgcc -plugin-opt=-pass-through=-lgcc_s -plugin-opt=-pass-through=-lc -plugin-opt=-pass-through=-lgcc -plugin-opt=-pass-through=-lgcc_s --build-id --eh-frame-hdr --hash-style=gnu -m elf_x86_64 -export-dynamic -dynamic-linker /lib64/ld-linux-x86-64.so.2 -pie -o cmTC_03aaa /usr/lib/gcc/x86_64-pc-linux-gnu/7.2.0/../../../../lib/Scrt1.o /usr/lib/gcc/x86_64-pc-linux-gnu/7.2.0/../../../../lib/crti.o /usr/lib/gcc/x86_64-pc-linux-gnu/7.2.0/crtbeginS.o -L/usr/lib/gcc/x86_64-pc-linux-gnu/7.2.0 -L/usr/lib/gcc/x86_64-pc-linux-gnu/7.2.0/../../../../lib -L/lib/../lib -L/usr/lib/../lib -L/usr/lib/gcc/x86_64-pc-linux-gnu/7.2.0/../../.. CMakeFiles/cmTC_03aaa.dir/CMakeCCompilerABI.c.o -lgcc --as-needed -lgcc_s --no-as-needed -lc -lgcc --as-needed -lgcc_s --no-as-needed /usr/lib/gcc/x86_64-pc-linux-gnu/7.2.0/crtendS.o /usr/lib/gcc/x86_64-pc-linux-gnu/7.2.0/../../../../lib/crtn.o
COLLECT_GCC_OPTIONS='-v' '-rdynamic' '-o' 'cmTC_03aaa' '-mtune=generic' '-march=x86-64'
make[2]: Leaving directory '/home/kevin/Code/AlgoLab17/ps7/1-maximum/CMakeFiles/CMakeTmp'
make[1]: Leaving directory '/home/kevin/Code/AlgoLab17/ps7/1-maximum/CMakeFiles/CMakeTmp'


Parsed C implicit link information from above output:
  link line regex: [^( *|.*[/\])(ld|CMAKE_LINK_STARTFILE-NOTFOUND|([^/\]+-)?ld|collect2)[^/\]*( |$)]
  ignore line: [Change Dir: /home/kevin/Code/AlgoLab17/ps7/1-maximum/CMakeFiles/CMakeTmp]
  ignore line: []
  ignore line: [Run Build Command:"/usr/bin/make" "cmTC_03aaa/fast"]
  ignore line: [make[1]: Entering directory '/home/kevin/Code/AlgoLab17/ps7/1-maximum/CMakeFiles/CMakeTmp']
  ignore line: [/usr/bin/make -f CMakeFiles/cmTC_03aaa.dir/build.make CMakeFiles/cmTC_03aaa.dir/build]
  ignore line: [make[2]: Entering directory '/home/kevin/Code/AlgoLab17/ps7/1-maximum/CMakeFiles/CMakeTmp']
  ignore line: [Building C object CMakeFiles/cmTC_03aaa.dir/CMakeCCompilerABI.c.o]
  ignore line: [/usr/bin/cc    -o CMakeFiles/cmTC_03aaa.dir/CMakeCCompilerABI.c.o   -c /usr/share/cmake-3.9/Modules/CMakeCCompilerABI.c]
  ignore line: [Linking C executable cmTC_03aaa]
  ignore line: [/usr/bin/cmake -E cmake_link_script CMakeFiles/cmTC_03aaa.dir/link.txt --verbose=1]
  ignore line: [/usr/bin/cc     -v -rdynamic CMakeFiles/cmTC_03aaa.dir/CMakeCCompilerABI.c.o  -o cmTC_03aaa ]
  ignore line: [Using built-in specs.]
  ignore line: [COLLECT_GCC=/usr/bin/cc]
  ignore line: [COLLECT_LTO_WRAPPER=/usr/lib/gcc/x86_64-pc-linux-gnu/7.2.0/lto-wrapper]
  ignore line: [Target: x86_64-pc-linux-gnu]
  ignore line: [Configured with: /build/gcc/src/gcc/configure --prefix=/usr --libdir=/usr/lib --libexecdir=/usr/lib --mandir=/usr/share/man --infodir=/usr/share/info --with-bugurl=https://bugs.archlinux.org/ --enable-languages=c,c++,ada,fortran,go,lto,objc,obj-c++ --enable-shared --enable-threads=posix --enable-libmpx --with-system-zlib --with-isl --enable-__cxa_atexit --disable-libunwind-exceptions --enable-clocale=gnu --disable-libstdcxx-pch --disable-libssp --enable-gnu-unique-object --enable-linker-build-id --enable-lto --enable-plugin --enable-install-libiberty --with-linker-hash-style=gnu --enable-gnu-indirect-function --disable-multilib --disable-werror --enable-checking=release --enable-default-pie --enable-default-ssp]
  ignore line: [Thread model: posix]
  ignore line: [gcc version 7.2.0 (GCC) ]
  ignore line: [COMPILER_PATH=/usr/lib/gcc/x86_64-pc-linux-gnu/7.2.0/:/usr/lib/gcc/x86_64-pc-linux-gnu/7.2.0/:/usr/lib/gcc/x86_64-pc-linux-gnu/:/usr/lib/gcc/x86_64-pc-linux-gnu/7.2.0/:/usr/lib/gcc/x86_64-pc-linux-gnu/]
  ignore line: [LIBRARY_PATH=/usr/lib/gcc/x86_64-pc-linux-gnu/7.2.0/:/usr/lib/gcc/x86_64-pc-linux-gnu/7.2.0/../../../../lib/:/lib/../lib/:/usr/lib/../lib/:/usr/lib/gcc/x86_64-pc-linux-gnu/7.2.0/../../../:/lib/:/usr/lib/]
  ignore line: [COLLECT_GCC_OPTIONS='-v' '-rdynamic' '-o' 'cmTC_03aaa' '-mtune=generic' '-march=x86-64']
  link line: [ /usr/lib/gcc/x86_64-pc-linux-gnu/7.2.0/collect2 -plugin /usr/lib/gcc/x86_64-pc-linux-gnu/7.2.0/liblto_plugin.so -plugin-opt=/usr/lib/gcc/x86_64-pc-linux-gnu/7.2.0/lto-wrapper -plugin-opt=-fresolution=/tmp/cc2fseVQ.res -plugin-opt=-pass-through=-lgcc -plugin-opt=-pass-through=-lgcc_s -plugin-opt=-pass-through=-lc -plugin-opt=-pass-through=-lgcc -plugin-opt=-pass-through=-lgcc_s --build-id --eh-frame-hdr --hash-style=gnu -m elf_x86_64 -export-dynamic -dynamic-linker /lib64/ld-linux-x86-64.so.2 -pie -o cmTC_03aaa /usr/lib/gcc/x86_64-pc-linux-gnu/7.2.0/../../../../lib/Scrt1.o /usr/lib/gcc/x86_64-pc-linux-gnu/7.2.0/../../../../lib/crti.o /usr/lib/gcc/x86_64-pc-linux-gnu/7.2.0/crtbeginS.o -L/usr/lib/gcc/x86_64-pc-linux-gnu/7.2.0 -L/usr/lib/gcc/x86_64-pc-linux-gnu/7.2.0/../../../../lib -L/lib/../lib -L/usr/lib/../lib -L/usr/lib/gcc/x86_64-pc-linux-gnu/7.2.0/../../.. CMakeFiles/cmTC_03aaa.dir/CMakeCCompilerABI.c.o -lgcc --as-needed -lgcc_s --no-as-needed -lc -lgcc --as-needed -lgcc_s --no-as-needed /usr/lib/gcc/x86_64-pc-linux-gnu/7.2.0/crtendS.o /usr/lib/gcc/x86_64-pc-linux-gnu/7.2.0/../../../../lib/crtn.o]
    arg [/usr/lib/gcc/x86_64-pc-linux-gnu/7.2.0/collect2] ==> ignore
    arg [-plugin] ==> ignore
    arg [/usr/lib/gcc/x86_64-pc-linux-gnu/7.2.0/liblto_plugin.so] ==> ignore
    arg [-plugin-opt=/usr/lib/gcc/x86_64-pc-linux-gnu/7.2.0/lto-wrapper] ==> ignore
    arg [-plugin-opt=-fresolution=/tmp/cc2fseVQ.res] ==> ignore
    arg [-plugin-opt=-pass-through=-lgcc] ==> ignore
    arg [-plugin-opt=-pass-through=-lgcc_s] ==> ignore
    arg [-plugin-opt=-pass-through=-lc] ==> ignore
    arg [-plugin-opt=-pass-through=-lgcc] ==> ignore
    arg [-plugin-opt=-pass-through=-lgcc_s] ==> ignore
    arg [--build-id] ==> ignore
    arg [--eh-frame-hdr] ==> ignore
    arg [--hash-style=gnu] ==> ignore
    arg [-m] ==> ignore
    arg [elf_x86_64] ==> ignore
    arg [-export-dynamic] ==> ignore
    arg [-dynamic-linker] ==> ignore
    arg [/lib64/ld-linux-x86-64.so.2] ==> ignore
    arg [-pie] ==> ignore
    arg [-o] ==> ignore
    arg [cmTC_03aaa] ==> ignore
    arg [/usr/lib/gcc/x86_64-pc-linux-gnu/7.2.0/../../../../lib/Scrt1.o] ==> ignore
    arg [/usr/lib/gcc/x86_64-pc-linux-gnu/7.2.0/../../../../lib/crti.o] ==> ignore
    arg [/usr/lib/gcc/x86_64-pc-linux-gnu/7.2.0/crtbeginS.o] ==> ignore
    arg [-L/usr/lib/gcc/x86_64-pc-linux-gnu/7.2.0] ==> dir [/usr/lib/gcc/x86_64-pc-linux-gnu/7.2.0]
    arg [-L/usr/lib/gcc/x86_64-pc-linux-gnu/7.2.0/../../../../lib] ==> dir [/usr/lib/gcc/x86_64-pc-linux-gnu/7.2.0/../../../../lib]
    arg [-L/lib/../lib] ==> dir [/lib/../lib]
    arg [-L/usr/lib/../lib] ==> dir [/usr/lib/../lib]
    arg [-L/usr/lib/gcc/x86_64-pc-linux-gnu/7.2.0/../../..] ==> dir [/usr/lib/gcc/x86_64-pc-linux-gnu/7.2.0/../../..]
    arg [CMakeFiles/cmTC_03aaa.dir/CMakeCCompilerABI.c.o] ==> ignore
    arg [-lgcc] ==> lib [gcc]
    arg [--as-needed] ==> ignore
    arg [-lgcc_s] ==> lib [gcc_s]
    arg [--no-as-needed] ==> ignore
    arg [-lc] ==> lib [c]
    arg [-lgcc] ==> lib [gcc]
    arg [--as-needed] ==> ignore
    arg [-lgcc_s] ==> lib [gcc_s]
    arg [--no-as-needed] ==> ignore
    arg [/usr/lib/gcc/x86_64-pc-linux-gnu/7.2.0/crtendS.o] ==> ignore
    arg [/usr/lib/gcc/x86_64-pc-linux-gnu/7.2.0/../../../../lib/crtn.o] ==> ignore
  collapse library dir [/usr/lib/gcc/x86_64-pc-linux-gnu/7.2.0] ==> [/usr/lib/gcc/x86_64-pc-linux-gnu/7.2.0]
  collapse library dir [/usr/lib/gcc/x86_64-pc-linux-gnu/7.2.0/../../../../lib] ==> [/usr/lib]
  collapse library dir [/lib/../lib] ==> [/lib]
  collapse library dir [/usr/lib/../lib] ==> [/usr/lib]
  collapse library dir [/usr/lib/gcc/x86_64-pc-linux-gnu/7.2.0/../../..] ==> [/usr/lib]
  implicit libs: [gcc;gcc_s;c;gcc;gcc_s]
  implicit dirs: [/usr/lib/gcc/x86_64-pc-linux-gnu/7.2.0;/usr/lib;/lib]
  implicit fwks: []




Detecting C [-std=c11] compiler features compiled with the following output:
Change Dir: /home/kevin/Code/AlgoLab17/ps7/1-maximum/CMakeFiles/CMakeTmp

Run Build Command:"/usr/bin/make" "cmTC_c474e/fast"
make[1]: Entering directory '/home/kevin/Code/AlgoLab17/ps7/1-maximum/CMakeFiles/CMakeTmp'
/usr/bin/make -f CMakeFiles/cmTC_c474e.dir/build.make CMakeFiles/cmTC_c474e.dir/build
make[2]: Entering directory '/home/kevin/Code/AlgoLab17/ps7/1-maximum/CMakeFiles/CMakeTmp'
Building C object CMakeFiles/cmTC_c474e.dir/feature_tests.c.o
/usr/bin/cc   -std=c11 -o CMakeFiles/cmTC_c474e.dir/feature_tests.c.o   -c /home/kevin/Code/AlgoLab17/ps7/1-maximum/CMakeFiles/feature_tests.c
Linking C executable cmTC_c474e
/usr/bin/cmake -E cmake_link_script CMakeFiles/cmTC_c474e.dir/link.txt --verbose=1
/usr/bin/cc      -rdynamic CMakeFiles/cmTC_c474e.dir/feature_tests.c.o  -o cmTC_c474e 
make[2]: Leaving directory '/home/kevin/Code/AlgoLab17/ps7/1-maximum/CMakeFiles/CMakeTmp'
make[1]: Leaving directory '/home/kevin/Code/AlgoLab17/ps7/1-maximum/CMakeFiles/CMakeTmp'


    Feature record: C_FEATURE:1c_function_prototypes
    Feature record: C_FEATURE:1c_restrict
    Feature record: C_FEATURE:1c_static_assert
    Feature record: C_FEATURE:1c_variadic_macros


Detecting C [-std=c99] compiler features compiled with the following output:
Change Dir: /home/kevin/Code/AlgoLab17/ps7/1-maximum/CMakeFiles/CMakeTmp

Run Build Command:"/usr/bin/make" "cmTC_3baf2/fast"
make[1]: Entering directory '/home/kevin/Code/AlgoLab17/ps7/1-maximum/CMakeFiles/CMakeTmp'
/usr/bin/make -f CMakeFiles/cmTC_3baf2.dir/build.make CMakeFiles/cmTC_3baf2.dir/build
make[2]: Entering directory '/home/kevin/Code/AlgoLab17/ps7/1-maximum/CMakeFiles/CMakeTmp'
Building C object CMakeFiles/cmTC_3baf2.dir/feature_tests.c.o
/usr/bin/cc   -std=c99 -o CMakeFiles/cmTC_3baf2.dir/feature_tests.c.o   -c /home/kevin/Code/AlgoLab17/ps7/1-maximum/CMakeFiles/feature_tests.c
Linking C executable cmTC_3baf2
/usr/bin/cmake -E cmake_link_script CMakeFiles/cmTC_3baf2.dir/link.txt --verbose=1
/usr/bin/cc      -rdynamic CMakeFiles/cmTC_3baf2.dir/feature_tests.c.o  -o cmTC_3baf2 
make[2]: Leaving directory '/home/kevin/Code/AlgoLab17/ps7/1-maximum/CMakeFiles/CMakeTmp'
make[1]: Leaving directory '/home/kevin/Code/AlgoLab17/ps7/1-maximum/CMakeFiles/CMakeTmp'


    Feature record: C_FEATURE:1c_function_prototypes
    Feature record: C_FEATURE:1c_restrict
    Feature record: C_FEATURE:0c_static_assert
    Feature record: C_FEATURE:1c_variadic_macros


Detecting C [-std=c90] compiler features compiled with the following output:
Change Dir: /home/kevin/Code/AlgoLab17/ps7/1-maximum/CMakeFiles/CMakeTmp

Run Build Command:"/usr/bin/make" "cmTC_7d8cf/fast"
make[1]: Entering directory '/home/kevin/Code/AlgoLab17/ps7/1-maximum/CMakeFiles/CMakeTmp'
/usr/bin/make -f CMakeFiles/cmTC_7d8cf.dir/build.make CMakeFiles/cmTC_7d8cf.dir/build
make[2]: Entering directory '/home/kevin/Code/AlgoLab17/ps7/1-maximum/CMakeFiles/CMakeTmp'
Building C object CMakeFiles/cmTC_7d8cf.dir/feature_tests.c.o
/usr/bin/cc   -std=c90 -o CMakeFiles/cmTC_7d8cf.dir/feature_tests.c.o   -c /home/kevin/Code/AlgoLab17/ps7/1-maximum/CMakeFiles/feature_tests.c
Linking C executable cmTC_7d8cf
/usr/bin/cmake -E cmake_link_script CMakeFiles/cmTC_7d8cf.dir/link.txt --verbose=1
/usr/bin/cc      -rdynamic CMakeFiles/cmTC_7d8cf.dir/feature_tests.c.o  -o cmTC_7d8cf 
make[2]: Leaving directory '/home/kevin/Code/AlgoLab17/ps7/1-maximum/CMakeFiles/CMakeTmp'
make[1]: Leaving directory '/home/kevin/Code/AlgoLab17/ps7/1-maximum/CMakeFiles/CMakeTmp'


    Feature record: C_FEATURE:1c_function_prototypes
    Feature record: C_FEATURE:0c_restrict
    Feature record: C_FEATURE:0c_static_assert
    Feature record: C_FEATURE:0c_variadic_macros
Determining if the CXX compiler works passed with the following output:
Change Dir: /home/kevin/Code/AlgoLab17/ps7/1-maximum/CMakeFiles/CMakeTmp

Run Build Command:"/usr/bin/make" "cmTC_b1d4d/fast"
make[1]: Entering directory '/home/kevin/Code/AlgoLab17/ps7/1-maximum/CMakeFiles/CMakeTmp'
/usr/bin/make -f CMakeFiles/cmTC_b1d4d.dir/build.make CMakeFiles/cmTC_b1d4d.dir/build
make[2]: Entering directory '/home/kevin/Code/AlgoLab17/ps7/1-maximum/CMakeFiles/CMakeTmp'
Building CXX object CMakeFiles/cmTC_b1d4d.dir/testCXXCompiler.cxx.o
/usr/bin/c++    -march=x86-64 -mtune=generic -O2 -pipe -fstack-protector-strong -fno-plt -frounding-math    -o CMakeFiles/cmTC_b1d4d.dir/testCXXCompiler.cxx.o -c /home/kevin/Code/AlgoLab17/ps7/1-maximum/CMakeFiles/CMakeTmp/testCXXCompiler.cxx
Linking CXX executable cmTC_b1d4d
/usr/bin/cmake -E cmake_link_script CMakeFiles/cmTC_b1d4d.dir/link.txt --verbose=1
/usr/bin/c++  -march=x86-64 -mtune=generic -O2 -pipe -fstack-protector-strong -fno-plt -frounding-math     -rdynamic CMakeFiles/cmTC_b1d4d.dir/testCXXCompiler.cxx.o  -o cmTC_b1d4d 
make[2]: Leaving directory '/home/kevin/Code/AlgoLab17/ps7/1-maximum/CMakeFiles/CMakeTmp'
make[1]: Leaving directory '/home/kevin/Code/AlgoLab17/ps7/1-maximum/CMakeFiles/CMakeTmp'


Detecting CXX compiler ABI info compiled with the following output:
Change Dir: /home/kevin/Code/AlgoLab17/ps7/1-maximum/CMakeFiles/CMakeTmp

Run Build Command:"/usr/bin/make" "cmTC_64c12/fast"
make[1]: Entering directory '/home/kevin/Code/AlgoLab17/ps7/1-maximum/CMakeFiles/CMakeTmp'
/usr/bin/make -f CMakeFiles/cmTC_64c12.dir/build.make CMakeFiles/cmTC_64c12.dir/build
make[2]: Entering directory '/home/kevin/Code/AlgoLab17/ps7/1-maximum/CMakeFiles/CMakeTmp'
Building CXX object CMakeFiles/cmTC_64c12.dir/CMakeCXXCompilerABI.cpp.o
/usr/bin/c++    -march=x86-64 -mtune=generic -O2 -pipe -fstack-protector-strong -fno-plt -frounding-math    -o CMakeFiles/cmTC_64c12.dir/CMakeCXXCompilerABI.cpp.o -c /usr/share/cmake-3.9/Modules/CMakeCXXCompilerABI.cpp
Linking CXX executable cmTC_64c12
/usr/bin/cmake -E cmake_link_script CMakeFiles/cmTC_64c12.dir/link.txt --verbose=1
/usr/bin/c++  -march=x86-64 -mtune=generic -O2 -pipe -fstack-protector-strong -fno-plt -frounding-math    -v -rdynamic CMakeFiles/cmTC_64c12.dir/CMakeCXXCompilerABI.cpp.o  -o cmTC_64c12 
Using built-in specs.
COLLECT_GCC=/usr/bin/c++
COLLECT_LTO_WRAPPER=/usr/lib/gcc/x86_64-pc-linux-gnu/7.2.0/lto-wrapper
Target: x86_64-pc-linux-gnu
Configured with: /build/gcc/src/gcc/configure --prefix=/usr --libdir=/usr/lib --libexecdir=/usr/lib --mandir=/usr/share/man --infodir=/usr/share/info --with-bugurl=https://bugs.archlinux.org/ --enable-languages=c,c++,ada,fortran,go,lto,objc,obj-c++ --enable-shared --enable-threads=posix --enable-libmpx --with-system-zlib --with-isl --enable-__cxa_atexit --disable-libunwind-exceptions --enable-clocale=gnu --disable-libstdcxx-pch --disable-libssp --enable-gnu-unique-object --enable-linker-build-id --enable-lto --enable-plugin --enable-install-libiberty --with-linker-hash-style=gnu --enable-gnu-indirect-function --disable-multilib --disable-werror --enable-checking=release --enable-default-pie --enable-default-ssp
Thread model: posix
gcc version 7.2.0 (GCC) 
COMPILER_PATH=/usr/lib/gcc/x86_64-pc-linux-gnu/7.2.0/:/usr/lib/gcc/x86_64-pc-linux-gnu/7.2.0/:/usr/lib/gcc/x86_64-pc-linux-gnu/:/usr/lib/gcc/x86_64-pc-linux-gnu/7.2.0/:/usr/lib/gcc/x86_64-pc-linux-gnu/
LIBRARY_PATH=/usr/lib/gcc/x86_64-pc-linux-gnu/7.2.0/:/usr/lib/gcc/x86_64-pc-linux-gnu/7.2.0/../../../../lib/:/lib/../lib/:/usr/lib/../lib/:/usr/lib/gcc/x86_64-pc-linux-gnu/7.2.0/../../../:/lib/:/usr/lib/
COLLECT_GCC_OPTIONS='-march=x86-64' '-mtune=generic' '-O2' '-pipe' '-fstack-protector-strong' '-fno-plt' '-frounding-math' '-v' '-rdynamic' '-o' 'cmTC_64c12' '-shared-libgcc'
 /usr/lib/gcc/x86_64-pc-linux-gnu/7.2.0/collect2 -plugin /usr/lib/gcc/x86_64-pc-linux-gnu/7.2.0/liblto_plugin.so -plugin-opt=/usr/lib/gcc/x86_64-pc-linux-gnu/7.2.0/lto-wrapper -plugin-opt=-fresolution=/tmp/ccvlc7bh.res -plugin-opt=-pass-through=-lgcc_s -plugin-opt=-pass-through=-lgcc -plugin-opt=-pass-through=-lc -plugin-opt=-pass-through=-lgcc_s -plugin-opt=-pass-through=-lgcc --build-id --eh-frame-hdr --hash-style=gnu -m elf_x86_64 -export-dynamic -dynamic-linker /lib64/ld-linux-x86-64.so.2 -pie -o cmTC_64c12 /usr/lib/gcc/x86_64-pc-linux-gnu/7.2.0/../../../../lib/Scrt1.o /usr/lib/gcc/x86_64-pc-linux-gnu/7.2.0/../../../../lib/crti.o /usr/lib/gcc/x86_64-pc-linux-gnu/7.2.0/crtbeginS.o -L/usr/lib/gcc/x86_64-pc-linux-gnu/7.2.0 -L/usr/lib/gcc/x86_64-pc-linux-gnu/7.2.0/../../../../lib -L/lib/../lib -L/usr/lib/../lib -L/usr/lib/gcc/x86_64-pc-linux-gnu/7.2.0/../../.. CMakeFiles/cmTC_64c12.dir/CMakeCXXCompilerABI.cpp.o -lstdc++ -lm -lgcc_s -lgcc -lc -lgcc_s -lgcc /usr/lib/gcc/x86_64-pc-linux-gnu/7.2.0/crtendS.o /usr/lib/gcc/x86_64-pc-linux-gnu/7.2.0/../../../../lib/crtn.o
COLLECT_GCC_OPTIONS='-march=x86-64' '-mtune=generic' '-O2' '-pipe' '-fstack-protector-strong' '-fno-plt' '-frounding-math' '-v' '-rdynamic' '-o' 'cmTC_64c12' '-shared-libgcc'
make[2]: Leaving directory '/home/kevin/Code/AlgoLab17/ps7/1-maximum/CMakeFiles/CMakeTmp'
make[1]: Leaving directory '/home/kevin/Code/AlgoLab17/ps7/1-maximum/CMakeFiles/CMakeTmp'


Parsed CXX implicit link information from above output:
  link line regex: [^( *|.*[/\])(ld|CMAKE_LINK_STARTFILE-NOTFOUND|([^/\]+-)?ld|collect2)[^/\]*( |$)]
  ignore line: [Change Dir: /home/kevin/Code/AlgoLab17/ps7/1-maximum/CMakeFiles/CMakeTmp]
  ignore line: []
  ignore line: [Run Build Command:"/usr/bin/make" "cmTC_64c12/fast"]
  ignore line: [make[1]: Entering directory '/home/kevin/Code/AlgoLab17/ps7/1-maximum/CMakeFiles/CMakeTmp']
  ignore line: [/usr/bin/make -f CMakeFiles/cmTC_64c12.dir/build.make CMakeFiles/cmTC_64c12.dir/build]
  ignore line: [make[2]: Entering directory '/home/kevin/Code/AlgoLab17/ps7/1-maximum/CMakeFiles/CMakeTmp']
  ignore line: [Building CXX object CMakeFiles/cmTC_64c12.dir/CMakeCXXCompilerABI.cpp.o]
  ignore line: [/usr/bin/c++    -march=x86-64 -mtune=generic -O2 -pipe -fstack-protector-strong -fno-plt -frounding-math    -o CMakeFiles/cmTC_64c12.dir/CMakeCXXCompilerABI.cpp.o -c /usr/share/cmake-3.9/Modules/CMakeCXXCompilerABI.cpp]
  ignore line: [Linking CXX executable cmTC_64c12]
  ignore line: [/usr/bin/cmake -E cmake_link_script CMakeFiles/cmTC_64c12.dir/link.txt --verbose=1]
  ignore line: [/usr/bin/c++  -march=x86-64 -mtune=generic -O2 -pipe -fstack-protector-strong -fno-plt -frounding-math    -v -rdynamic CMakeFiles/cmTC_64c12.dir/CMakeCXXCompilerABI.cpp.o  -o cmTC_64c12 ]
  ignore line: [Using built-in specs.]
  ignore line: [COLLECT_GCC=/usr/bin/c++]
  ignore line: [COLLECT_LTO_WRAPPER=/usr/lib/gcc/x86_64-pc-linux-gnu/7.2.0/lto-wrapper]
  ignore line: [Target: x86_64-pc-linux-gnu]
  ignore line: [Configured with: /build/gcc/src/gcc/configure --prefix=/usr --libdir=/usr/lib --libexecdir=/usr/lib --mandir=/usr/share/man --infodir=/usr/share/info --with-bugurl=https://bugs.archlinux.org/ --enable-languages=c,c++,ada,fortran,go,lto,objc,obj-c++ --enable-shared --enable-threads=posix --enable-libmpx --with-system-zlib --with-isl --enable-__cxa_atexit --disable-libunwind-exceptions --enable-clocale=gnu --disable-libstdcxx-pch --disable-libssp --enable-gnu-unique-object --enable-linker-build-id --enable-lto --enable-plugin --enable-install-libiberty --with-linker-hash-style=gnu --enable-gnu-indirect-function --disable-multilib --disable-werror --enable-checking=release --enable-default-pie --enable-default-ssp]
  ignore line: [Thread model: posix]
  ignore line: [gcc version 7.2.0 (GCC) ]
  ignore line: [COMPILER_PATH=/usr/lib/gcc/x86_64-pc-linux-gnu/7.2.0/:/usr/lib/gcc/x86_64-pc-linux-gnu/7.2.0/:/usr/lib/gcc/x86_64-pc-linux-gnu/:/usr/lib/gcc/x86_64-pc-linux-gnu/7.2.0/:/usr/lib/gcc/x86_64-pc-linux-gnu/]
  ignore line: [LIBRARY_PATH=/usr/lib/gcc/x86_64-pc-linux-gnu/7.2.0/:/usr/lib/gcc/x86_64-pc-linux-gnu/7.2.0/../../../../lib/:/lib/../lib/:/usr/lib/../lib/:/usr/lib/gcc/x86_64-pc-linux-gnu/7.2.0/../../../:/lib/:/usr/lib/]
  ignore line: [COLLECT_GCC_OPTIONS='-march=x86-64' '-mtune=generic' '-O2' '-pipe' '-fstack-protector-strong' '-fno-plt' '-frounding-math' '-v' '-rdynamic' '-o' 'cmTC_64c12' '-shared-libgcc']
  link line: [ /usr/lib/gcc/x86_64-pc-linux-gnu/7.2.0/collect2 -plugin /usr/lib/gcc/x86_64-pc-linux-gnu/7.2.0/liblto_plugin.so -plugin-opt=/usr/lib/gcc/x86_64-pc-linux-gnu/7.2.0/lto-wrapper -plugin-opt=-fresolution=/tmp/ccvlc7bh.res -plugin-opt=-pass-through=-lgcc_s -plugin-opt=-pass-through=-lgcc -plugin-opt=-pass-through=-lc -plugin-opt=-pass-through=-lgcc_s -plugin-opt=-pass-through=-lgcc --build-id --eh-frame-hdr --hash-style=gnu -m elf_x86_64 -export-dynamic -dynamic-linker /lib64/ld-linux-x86-64.so.2 -pie -o cmTC_64c12 /usr/lib/gcc/x86_64-pc-linux-gnu/7.2.0/../../../../lib/Scrt1.o /usr/lib/gcc/x86_64-pc-linux-gnu/7.2.0/../../../../lib/crti.o /usr/lib/gcc/x86_64-pc-linux-gnu/7.2.0/crtbeginS.o -L/usr/lib/gcc/x86_64-pc-linux-gnu/7.2.0 -L/usr/lib/gcc/x86_64-pc-linux-gnu/7.2.0/../../../../lib -L/lib/../lib -L/usr/lib/../lib -L/usr/lib/gcc/x86_64-pc-linux-gnu/7.2.0/../../.. CMakeFiles/cmTC_64c12.dir/CMakeCXXCompilerABI.cpp.o -lstdc++ -lm -lgcc_s -lgcc -lc -lgcc_s -lgcc /usr/lib/gcc/x86_64-pc-linux-gnu/7.2.0/crtendS.o /usr/lib/gcc/x86_64-pc-linux-gnu/7.2.0/../../../../lib/crtn.o]
    arg [/usr/lib/gcc/x86_64-pc-linux-gnu/7.2.0/collect2] ==> ignore
    arg [-plugin] ==> ignore
    arg [/usr/lib/gcc/x86_64-pc-linux-gnu/7.2.0/liblto_plugin.so] ==> ignore
    arg [-plugin-opt=/usr/lib/gcc/x86_64-pc-linux-gnu/7.2.0/lto-wrapper] ==> ignore
    arg [-plugin-opt=-fresolution=/tmp/ccvlc7bh.res] ==> ignore
    arg [-plugin-opt=-pass-through=-lgcc_s] ==> ignore
    arg [-plugin-opt=-pass-through=-lgcc] ==> ignore
    arg [-plugin-opt=-pass-through=-lc] ==> ignore
    arg [-plugin-opt=-pass-through=-lgcc_s] ==> ignore
    arg [-plugin-opt=-pass-through=-lgcc] ==> ignore
    arg [--build-id] ==> ignore
    arg [--eh-frame-hdr] ==> ignore
    arg [--hash-style=gnu] ==> ignore
    arg [-m] ==> ignore
    arg [elf_x86_64] ==> ignore
    arg [-export-dynamic] ==> ignore
    arg [-dynamic-linker] ==> ignore
    arg [/lib64/ld-linux-x86-64.so.2] ==> ignore
    arg [-pie] ==> ignore
    arg [-o] ==> ignore
    arg [cmTC_64c12] ==> ignore
    arg [/usr/lib/gcc/x86_64-pc-linux-gnu/7.2.0/../../../../lib/Scrt1.o] ==> ignore
    arg [/usr/lib/gcc/x86_64-pc-linux-gnu/7.2.0/../../../../lib/crti.o] ==> ignore
    arg [/usr/lib/gcc/x86_64-pc-linux-gnu/7.2.0/crtbeginS.o] ==> ignore
    arg [-L/usr/lib/gcc/x86_64-pc-linux-gnu/7.2.0] ==> dir [/usr/lib/gcc/x86_64-pc-linux-gnu/7.2.0]
    arg [-L/usr/lib/gcc/x86_64-pc-linux-gnu/7.2.0/../../../../lib] ==> dir [/usr/lib/gcc/x86_64-pc-linux-gnu/7.2.0/../../../../lib]
    arg [-L/lib/../lib] ==> dir [/lib/../lib]
    arg [-L/usr/lib/../lib] ==> dir [/usr/lib/../lib]
    arg [-L/usr/lib/gcc/x86_64-pc-linux-gnu/7.2.0/../../..] ==> dir [/usr/lib/gcc/x86_64-pc-linux-gnu/7.2.0/../../..]
    arg [CMakeFiles/cmTC_64c12.dir/CMakeCXXCompilerABI.cpp.o] ==> ignore
    arg [-lstdc++] ==> lib [stdc++]
    arg [-lm] ==> lib [m]
    arg [-lgcc_s] ==> lib [gcc_s]
    arg [-lgcc] ==> lib [gcc]
    arg [-lc] ==> lib [c]
    arg [-lgcc_s] ==> lib [gcc_s]
    arg [-lgcc] ==> lib [gcc]
    arg [/usr/lib/gcc/x86_64-pc-linux-gnu/7.2.0/crtendS.o] ==> ignore
    arg [/usr/lib/gcc/x86_64-pc-linux-gnu/7.2.0/../../../../lib/crtn.o] ==> ignore
  collapse library dir [/usr/lib/gcc/x86_64-pc-linux-gnu/7.2.0] ==> [/usr/lib/gcc/x86_64-pc-linux-gnu/7.2.0]
  collapse library dir [/usr/lib/gcc/x86_64-pc-linux-gnu/7.2.0/../../../../lib] ==> [/usr/lib]
  collapse library dir [/lib/../lib] ==> [/lib]
  collapse library dir [/usr/lib/../lib] ==> [/usr/lib]
  collapse library dir [/usr/lib/gcc/x86_64-pc-linux-gnu/7.2.0/../../..] ==> [/usr/lib]
  implicit libs: [stdc++;m;gcc_s;gcc;c;gcc_s;gcc]
  implicit dirs: [/usr/lib/gcc/x86_64-pc-linux-gnu/7.2.0;/usr/lib;/lib]
  implicit fwks: []




Detecting CXX [-std=c++1z] compiler features compiled with the following output:
Change Dir: /home/kevin/Code/AlgoLab17/ps7/1-maximum/CMakeFiles/CMakeTmp

Run Build Command:"/usr/bin/make" "cmTC_9f6ca/fast"
make[1]: Entering directory '/home/kevin/Code/AlgoLab17/ps7/1-maximum/CMakeFiles/CMakeTmp'
/usr/bin/make -f CMakeFiles/cmTC_9f6ca.dir/build.make CMakeFiles/cmTC_9f6ca.dir/build
make[2]: Entering directory '/home/kevin/Code/AlgoLab17/ps7/1-maximum/CMakeFiles/CMakeTmp'
Building CXX object CMakeFiles/cmTC_9f6ca.dir/feature_tests.cxx.o
/usr/bin/c++    -march=x86-64 -mtune=generic -O2 -pipe -fstack-protector-strong -fno-plt -frounding-math    -std=c++1z -o CMakeFiles/cmTC_9f6ca.dir/feature_tests.cxx.o -c /home/kevin/Code/AlgoLab17/ps7/1-maximum/CMakeFiles/feature_tests.cxx
Linking CXX executable cmTC_9f6ca
/usr/bin/cmake -E cmake_link_script CMakeFiles/cmTC_9f6ca.dir/link.txt --verbose=1
/usr/bin/c++  -march=x86-64 -mtune=generic -O2 -pipe -fstack-protector-strong -fno-plt -frounding-math     -rdynamic CMakeFiles/cmTC_9f6ca.dir/feature_tests.cxx.o  -o cmTC_9f6ca 
make[2]: Leaving directory '/home/kevin/Code/AlgoLab17/ps7/1-maximum/CMakeFiles/CMakeTmp'
make[1]: Leaving directory '/home/kevin/Code/AlgoLab17/ps7/1-maximum/CMakeFiles/CMakeTmp'


    Feature record: CXX_FEATURE:1cxx_aggregate_default_initializers
    Feature record: CXX_FEATURE:1cxx_alias_templates
    Feature record: CXX_FEATURE:1cxx_alignas
    Feature record: CXX_FEATURE:1cxx_alignof
    Feature record: CXX_FEATURE:1cxx_attributes
    Feature record: CXX_FEATURE:1cxx_attribute_deprecated
    Feature record: CXX_FEATURE:1cxx_auto_type
    Feature record: CXX_FEATURE:1cxx_binary_literals
    Feature record: CXX_FEATURE:1cxx_constexpr
    Feature record: CXX_FEATURE:1cxx_contextual_conversions
    Feature record: CXX_FEATURE:1cxx_decltype
    Feature record: CXX_FEATURE:1cxx_decltype_auto
    Feature record: CXX_FEATURE:1cxx_decltype_incomplete_return_types
    Feature record: CXX_FEATURE:1cxx_default_function_template_args
    Feature record: CXX_FEATURE:1cxx_defaulted_functions
    Feature record: CXX_FEATURE:1cxx_defaulted_move_initializers
    Feature record: CXX_FEATURE:1cxx_delegating_constructors
    Feature record: CXX_FEATURE:1cxx_deleted_functions
    Feature record: CXX_FEATURE:1cxx_digit_separators
    Feature record: CXX_FEATURE:1cxx_enum_forward_declarations
    Feature record: CXX_FEATURE:1cxx_explicit_conversions
    Feature record: CXX_FEATURE:1cxx_extended_friend_declarations
    Feature record: CXX_FEATURE:1cxx_extern_templates
    Feature record: CXX_FEATURE:1cxx_final
    Feature record: CXX_FEATURE:1cxx_func_identifier
    Feature record: CXX_FEATURE:1cxx_generalized_initializers
    Feature record: CXX_FEATURE:1cxx_generic_lambdas
    Feature record: CXX_FEATURE:1cxx_inheriting_constructors
    Feature record: CXX_FEATURE:1cxx_inline_namespaces
    Feature record: CXX_FEATURE:1cxx_lambdas
    Feature record: CXX_FEATURE:1cxx_lambda_init_captures
    Feature record: CXX_FEATURE:1cxx_local_type_template_args
    Feature record: CXX_FEATURE:1cxx_long_long_type
    Feature record: CXX_FEATURE:1cxx_noexcept
    Feature record: CXX_FEATURE:1cxx_nonstatic_member_init
    Feature record: CXX_FEATURE:1cxx_nullptr
    Feature record: CXX_FEATURE:1cxx_override
    Feature record: CXX_FEATURE:1cxx_range_for
    Feature record: CXX_FEATURE:1cxx_raw_string_literals
    Feature record: CXX_FEATURE:1cxx_reference_qualified_functions
    Feature record: CXX_FEATURE:1cxx_relaxed_constexpr
    Feature record: CXX_FEATURE:1cxx_return_type_deduction
    Feature record: CXX_FEATURE:1cxx_right_angle_brackets
    Feature record: CXX_FEATURE:1cxx_rvalue_references
    Feature record: CXX_FEATURE:1cxx_sizeof_member
    Feature record: CXX_FEATURE:1cxx_static_assert
    Feature record: CXX_FEATURE:1cxx_strong_enums
    Feature record: CXX_FEATURE:1cxx_template_template_parameters
    Feature record: CXX_FEATURE:1cxx_thread_local
    Feature record: CXX_FEATURE:1cxx_trailing_return_types
    Feature record: CXX_FEATURE:1cxx_unicode_literals
    Feature record: CXX_FEATURE:1cxx_uniform_initialization
    Feature record: CXX_FEATURE:1cxx_unrestricted_unions
    Feature record: CXX_FEATURE:1cxx_user_literals
    Feature record: CXX_FEATURE:1cxx_variable_templates
    Feature record: CXX_FEATURE:1cxx_variadic_macros
    Feature record: CXX_FEATURE:1cxx_variadic_templates


Detecting CXX [-std=c++14] compiler features compiled with the following output:
Change Dir: /home/kevin/Code/AlgoLab17/ps7/1-maximum/CMakeFiles/CMakeTmp

Run Build Command:"/usr/bin/make" "cmTC_58561/fast"
make[1]: Entering directory '/home/kevin/Code/AlgoLab17/ps7/1-maximum/CMakeFiles/CMakeTmp'
/usr/bin/make -f CMakeFiles/cmTC_58561.dir/build.make CMakeFiles/cmTC_58561.dir/build
make[2]: Entering directory '/home/kevin/Code/AlgoLab17/ps7/1-maximum/CMakeFiles/CMakeTmp'
Building CXX object CMakeFiles/cmTC_58561.dir/feature_tests.cxx.o
/usr/bin/c++    -march=x86-64 -mtune=generic -O2 -pipe -fstack-protector-strong -fno-plt -frounding-math    -std=c++14 -o CMakeFiles/cmTC_58561.dir/feature_tests.cxx.o -c /home/kevin/Code/AlgoLab17/ps7/1-maximum/CMakeFiles/feature_tests.cxx
Linking CXX executable cmTC_58561
/usr/bin/cmake -E cmake_link_script CMakeFiles/cmTC_58561.dir/link.txt --verbose=1
/usr/bin/c++  -march=x86-64 -mtune=generic -O2 -pipe -fstack-protector-strong -fno-plt -frounding-math     -rdynamic CMakeFiles/cmTC_58561.dir/feature_tests.cxx.o  -o cmTC_58561 
make[2]: Leaving directory '/home/kevin/Code/AlgoLab17/ps7/1-maximum/CMakeFiles/CMakeTmp'
make[1]: Leaving directory '/home/kevin/Code/AlgoLab17/ps7/1-maximum/CMakeFiles/CMakeTmp'


    Feature record: CXX_FEATURE:1cxx_aggregate_default_initializers
    Feature record: CXX_FEATURE:1cxx_alias_templates
    Feature record: CXX_FEATURE:1cxx_alignas
    Feature record: CXX_FEATURE:1cxx_alignof
    Feature record: CXX_FEATURE:1cxx_attributes
    Feature record: CXX_FEATURE:1cxx_attribute_deprecated
    Feature record: CXX_FEATURE:1cxx_auto_type
    Feature record: CXX_FEATURE:1cxx_binary_literals
    Feature record: CXX_FEATURE:1cxx_constexpr
    Feature record: CXX_FEATURE:1cxx_contextual_conversions
    Feature record: CXX_FEATURE:1cxx_decltype
    Feature record: CXX_FEATURE:1cxx_decltype_auto
    Feature record: CXX_FEATURE:1cxx_decltype_incomplete_return_types
    Feature record: CXX_FEATURE:1cxx_default_function_template_args
    Feature record: CXX_FEATURE:1cxx_defaulted_functions
    Feature record: CXX_FEATURE:1cxx_defaulted_move_initializers
    Feature record: CXX_FEATURE:1cxx_delegating_constructors
    Feature record: CXX_FEATURE:1cxx_deleted_functions
    Feature record: CXX_FEATURE:1cxx_digit_separators
    Feature record: CXX_FEATURE:1cxx_enum_forward_declarations
    Feature record: CXX_FEATURE:1cxx_explicit_conversions
    Feature record: CXX_FEATURE:1cxx_extended_friend_declarations
    Feature record: CXX_FEATURE:1cxx_extern_templates
    Feature record: CXX_FEATURE:1cxx_final
    Feature record: CXX_FEATURE:1cxx_func_identifier
    Feature record: CXX_FEATURE:1cxx_generalized_initializers
    Feature record: CXX_FEATURE:1cxx_generic_lambdas
    Feature record: CXX_FEATURE:1cxx_inheriting_constructors
    Feature record: CXX_FEATURE:1cxx_inline_namespaces
    Feature record: CXX_FEATURE:1cxx_lambdas
    Feature record: CXX_FEATURE:1cxx_lambda_init_captures
    Feature record: CXX_FEATURE:1cxx_local_type_template_args
    Feature record: CXX_FEATURE:1cxx_long_long_type
    Feature record: CXX_FEATURE:1cxx_noexcept
    Feature record: CXX_FEATURE:1cxx_nonstatic_member_init
    Feature record: CXX_FEATURE:1cxx_nullptr
    Feature record: CXX_FEATURE:1cxx_override
    Feature record: CXX_FEATURE:1cxx_range_for
    Feature record: CXX_FEATURE:1cxx_raw_string_literals
    Feature record: CXX_FEATURE:1cxx_reference_qualified_functions
    Feature record: CXX_FEATURE:1cxx_relaxed_constexpr
    Feature record: CXX_FEATURE:1cxx_return_type_deduction
    Feature record: CXX_FEATURE:1cxx_right_angle_brackets
    Feature record: CXX_FEATURE:1cxx_rvalue_references
    Feature record: CXX_FEATURE:1cxx_sizeof_member
    Feature record: CXX_FEATURE:1cxx_static_assert
    Feature record: CXX_FEATURE:1cxx_strong_enums
    Feature record: CXX_FEATURE:1cxx_template_template_parameters
    Feature record: CXX_FEATURE:1cxx_thread_local
    Feature record: CXX_FEATURE:1cxx_trailing_return_types
    Feature record: CXX_FEATURE:1cxx_unicode_literals
    Feature record: CXX_FEATURE:1cxx_uniform_initialization
    Feature record: CXX_FEATURE:1cxx_unrestricted_unions
    Feature record: CXX_FEATURE:1cxx_user_literals
    Feature record: CXX_FEATURE:1cxx_variable_templates
    Feature record: CXX_FEATURE:1cxx_variadic_macros
    Feature record: CXX_FEATURE:1cxx_variadic_templates


Detecting CXX [-std=c++11] compiler features compiled with the following output:
Change Dir: /home/kevin/Code/AlgoLab17/ps7/1-maximum/CMakeFiles/CMakeTmp

Run Build Command:"/usr/bin/make" "cmTC_ce4e1/fast"
make[1]: Entering directory '/home/kevin/Code/AlgoLab17/ps7/1-maximum/CMakeFiles/CMakeTmp'
/usr/bin/make -f CMakeFiles/cmTC_ce4e1.dir/build.make CMakeFiles/cmTC_ce4e1.dir/build
make[2]: Entering directory '/home/kevin/Code/AlgoLab17/ps7/1-maximum/CMakeFiles/CMakeTmp'
Building CXX object CMakeFiles/cmTC_ce4e1.dir/feature_tests.cxx.o
/usr/bin/c++    -march=x86-64 -mtune=generic -O2 -pipe -fstack-protector-strong -fno-plt -frounding-math    -std=c++11 -o CMakeFiles/cmTC_ce4e1.dir/feature_tests.cxx.o -c /home/kevin/Code/AlgoLab17/ps7/1-maximum/CMakeFiles/feature_tests.cxx
Linking CXX executable cmTC_ce4e1
/usr/bin/cmake -E cmake_link_script CMakeFiles/cmTC_ce4e1.dir/link.txt --verbose=1
/usr/bin/c++  -march=x86-64 -mtune=generic -O2 -pipe -fstack-protector-strong -fno-plt -frounding-math     -rdynamic CMakeFiles/cmTC_ce4e1.dir/feature_tests.cxx.o  -o cmTC_ce4e1 
make[2]: Leaving directory '/home/kevin/Code/AlgoLab17/ps7/1-maximum/CMakeFiles/CMakeTmp'
make[1]: Leaving directory '/home/kevin/Code/AlgoLab17/ps7/1-maximum/CMakeFiles/CMakeTmp'


    Feature record: CXX_FEATURE:0cxx_aggregate_default_initializers
    Feature record: CXX_FEATURE:1cxx_alias_templates
    Feature record: CXX_FEATURE:1cxx_alignas
    Feature record: CXX_FEATURE:1cxx_alignof
    Feature record: CXX_FEATURE:1cxx_attributes
    Feature record: CXX_FEATURE:0cxx_attribute_deprecated
    Feature record: CXX_FEATURE:1cxx_auto_type
    Feature record: CXX_FEATURE:0cxx_binary_literals
    Feature record: CXX_FEATURE:1cxx_constexpr
    Feature record: CXX_FEATURE:0cxx_contextual_conversions
    Feature record: CXX_FEATURE:1cxx_decltype
    Feature record: CXX_FEATURE:0cxx_decltype_auto
    Feature record: CXX_FEATURE:1cxx_decltype_incomplete_return_types
    Feature record: CXX_FEATURE:1cxx_default_function_template_args
    Feature record: CXX_FEATURE:1cxx_defaulted_functions
    Feature record: CXX_FEATURE:1cxx_defaulted_move_initializers
    Feature record: CXX_FEATURE:1cxx_delegating_constructors
    Feature record: CXX_FEATURE:1cxx_deleted_functions
    Feature record: CXX_FEATURE:0cxx_digit_separators
    Feature record: CXX_FEATURE:1cxx_enum_forward_declarations
    Feature record: CXX_FEATURE:1cxx_explicit_conversions
    Feature record: CXX_FEATURE:1cxx_extended_friend_declarations
    Feature record: CXX_FEATURE:1cxx_extern_templates
    Feature record: CXX_FEATURE:1cxx_final
    Feature record: CXX_FEATURE:1cxx_func_identifier
    Feature record: CXX_FEATURE:1cxx_generalized_initializers
    Feature record: CXX_FEATURE:0cxx_generic_lambdas
    Feature record: CXX_FEATURE:1cxx_inheriting_constructors
    Feature record: CXX_FEATURE:1cxx_inline_namespaces
    Feature record: CXX_FEATURE:1cxx_lambdas
    Feature record: CXX_FEATURE:0cxx_lambda_init_captures
    Feature record: CXX_FEATURE:1cxx_local_type_template_args
    Feature record: CXX_FEATURE:1cxx_long_long_type
    Feature record: CXX_FEATURE:1cxx_noexcept
    Feature record: CXX_FEATURE:1cxx_nonstatic_member_init
    Feature record: CXX_FEATURE:1cxx_nullptr
    Feature record: CXX_FEATURE:1cxx_override
    Feature record: CXX_FEATURE:1cxx_range_for
    Feature record: CXX_FEATURE:1cxx_raw_string_literals
    Feature record: CXX_FEATURE:1cxx_reference_qualified_functions
    Feature record: CXX_FEATURE:0cxx_relaxed_constexpr
    Feature record: CXX_FEATURE:0cxx_return_type_deduction
    Feature record: CXX_FEATURE:1cxx_right_angle_brackets
    Feature record: CXX_FEATURE:1cxx_rvalue_references
    Feature record: CXX_FEATURE:1cxx_sizeof_member
    Feature record: CXX_FEATURE:1cxx_static_assert
    Feature record: CXX_FEATURE:1cxx_strong_enums
    Feature record: CXX_FEATURE:1cxx_template_template_parameters
    Feature record: CXX_FEATURE:1cxx_thread_local
    Feature record: CXX_FEATURE:1cxx_trailing_return_types
    Feature record: CXX_FEATURE:1cxx_unicode_literals
    Feature record: CXX_FEATURE:1cxx_uniform_initialization
    Feature record: CXX_FEATURE:1cxx_unrestricted_unions
    Feature record: CXX_FEATURE:1cxx_user_literals
    Feature record: CXX_FEATURE:0cxx_variable_templates
    Feature record: CXX_FEATURE:1cxx_variadic_macros
    Feature record: CXX_FEATURE:1cxx_variadic_templates


Detecting CXX [-std=c++98] compiler features compiled with the following output:
Change Dir: /home/kevin/Code/AlgoLab17/ps7/1-maximum/CMakeFiles/CMakeTmp

Run Build Command:"/usr/bin/make" "cmTC_46830/fast"
make[1]: Entering directory '/home/kevin/Code/AlgoLab17/ps7/1-maximum/CMakeFiles/CMakeTmp'
/usr/bin/make -f CMakeFiles/cmTC_46830.dir/build.make CMakeFiles/cmTC_46830.dir/build
make[2]: Entering directory '/home/kevin/Code/AlgoLab17/ps7/1-maximum/CMakeFiles/CMakeTmp'
Building CXX object CMakeFiles/cmTC_46830.dir/feature_tests.cxx.o
/usr/bin/c++    -march=x86-64 -mtune=generic -O2 -pipe -fstack-protector-strong -fno-plt -frounding-math    -std=c++98 -o CMakeFiles/cmTC_46830.dir/feature_tests.cxx.o -c /home/kevin/Code/AlgoLab17/ps7/1-maximum/CMakeFiles/feature_tests.cxx
Linking CXX executable cmTC_46830
/usr/bin/cmake -E cmake_link_script CMakeFiles/cmTC_46830.dir/link.txt --verbose=1
/usr/bin/c++  -march=x86-64 -mtune=generic -O2 -pipe -fstack-protector-strong -fno-plt -frounding-math     -rdynamic CMakeFiles/cmTC_46830.dir/feature_tests.cxx.o  -o cmTC_46830 
make[2]: Leaving directory '/home/kevin/Code/AlgoLab17/ps7/1-maximum/CMakeFiles/CMakeTmp'
make[1]: Leaving directory '/home/kevin/Code/AlgoLab17/ps7/1-maximum/CMakeFiles/CMakeTmp'


    Feature record: CXX_FEATURE:0cxx_aggregate_default_initializers
    Feature record: CXX_FEATURE:0cxx_alias_templates
    Feature record: CXX_FEATURE:0cxx_alignas
    Feature record: CXX_FEATURE:0cxx_alignof
    Feature record: CXX_FEATURE:0cxx_attributes
    Feature record: CXX_FEATURE:0cxx_attribute_deprecated
    Feature record: CXX_FEATURE:0cxx_auto_type
    Feature record: CXX_FEATURE:0cxx_binary_literals
    Feature record: CXX_FEATURE:0cxx_constexpr
    Feature record: CXX_FEATURE:0cxx_contextual_conversions
    Feature record: CXX_FEATURE:0cxx_decltype
    Feature record: CXX_FEATURE:0cxx_decltype_auto
    Feature record: CXX_FEATURE:0cxx_decltype_incomplete_return_types
    Feature record: CXX_FEATURE:0cxx_default_function_template_args
    Feature record: CXX_FEATURE:0cxx_defaulted_functions
    Feature record: CXX_FEATURE:0cxx_defaulted_move_initializers
    Feature record: CXX_FEATURE:0cxx_delegating_constructors
    Feature record: CXX_FEATURE:0cxx_deleted_functions
    Feature record: CXX_FEATURE:0cxx_digit_separators
    Feature record: CXX_FEATURE:0cxx_enum_forward_declarations
    Feature record: CXX_FEATURE:0cxx_explicit_conversions
    Feature record: CXX_FEATURE:0cxx_extended_friend_declarations
    Feature record: CXX_FEATURE:0cxx_extern_templates
    Feature record: CXX_FEATURE:0cxx_final
    Feature record: CXX_FEATURE:0cxx_func_identifier
    Feature record: CXX_FEATURE:0cxx_generalized_initializers
    Feature record: CXX_FEATURE:0cxx_generic_lambdas
    Feature record: CXX_FEATURE:0cxx_inheriting_constructors
    Feature record: CXX_FEATURE:0cxx_inline_namespaces
    Feature record: CXX_FEATURE:0cxx_lambdas
    Feature record: CXX_FEATURE:0cxx_lambda_init_captures
    Feature record: CXX_FEATURE:0cxx_local_type_template_args
    Feature record: CXX_FEATURE:0cxx_long_long_type
    Feature record: CXX_FEATURE:0cxx_noexcept
    Feature record: CXX_FEATURE:0cxx_nonstatic_member_init
    Feature record: CXX_FEATURE:0cxx_nullptr
    Feature record: CXX_FEATURE:0cxx_override
    Feature record: CXX_FEATURE:0cxx_range_for
    Feature record: CXX_FEATURE:0cxx_raw_string_literals
    Feature record: CXX_FEATURE:0cxx_reference_qualified_functions
    Feature record: CXX_FEATURE:0cxx_relaxed_constexpr
    Feature record: CXX_FEATURE:0cxx_return_type_deduction
    Feature record: CXX_FEATURE:0cxx_right_angle_brackets
    Feature record: CXX_FEATURE:0cxx_rvalue_references
    Feature record: CXX_FEATURE:0cxx_sizeof_member
    Feature record: CXX_FEATURE:0cxx_static_assert
    Feature record: CXX_FEATURE:0cxx_strong_enums
    Feature record: CXX_FEATURE:1cxx_template_template_parameters
    Feature record: CXX_FEATURE:0cxx_thread_local
    Feature record: CXX_FEATURE:0cxx_trailing_return_types
    Feature record: CXX_FEATURE:0cxx_unicode_literals
    Feature record: CXX_FEATURE:0cxx_uniform_initialization
    Feature record: CXX_FEATURE:0cxx_unrestricted_unions
    Feature record: CXX_FEATURE:0cxx_user_literals
    Feature record: CXX_FEATURE:0cxx_variable_templates
    Feature record: CXX_FEATURE:0cxx_variadic_macros
    Feature record: CXX_FEATURE:0cxx_variadic_templates
