Determining if the pthread_create exist failed with the following output:
Change Dir: /home/kevin/Code/AlgoLab17/ps3/5-almost_antenna/CMakeFiles/CMakeTmp

Run Build Command:"/usr/bin/make" "cmTC_7a8f5/fast"
/usr/bin/make -f CMakeFiles/cmTC_7a8f5.dir/build.make CMakeFiles/cmTC_7a8f5.dir/build
make[1]: Entering directory '/home/kevin/Code/AlgoLab17/ps3/5-almost_antenna/CMakeFiles/CMakeTmp'
Building C object CMakeFiles/cmTC_7a8f5.dir/CheckSymbolExists.c.o
/usr/bin/cc    -o CMakeFiles/cmTC_7a8f5.dir/CheckSymbolExists.c.o   -c /home/kevin/Code/AlgoLab17/ps3/5-almost_antenna/CMakeFiles/CMakeTmp/CheckSymbolExists.c
Linking C executable cmTC_7a8f5
/usr/bin/cmake -E cmake_link_script CMakeFiles/cmTC_7a8f5.dir/link.txt --verbose=1
/usr/bin/cc      -rdynamic CMakeFiles/cmTC_7a8f5.dir/CheckSymbolExists.c.o  -o cmTC_7a8f5 
CMakeFiles/cmTC_7a8f5.dir/CheckSymbolExists.c.o: In function `main':
CheckSymbolExists.c:(.text+0x1b): undefined reference to `pthread_create'
collect2: error: ld returned 1 exit status
make[1]: *** [CMakeFiles/cmTC_7a8f5.dir/build.make:98: cmTC_7a8f5] Error 1
make[1]: Leaving directory '/home/kevin/Code/AlgoLab17/ps3/5-almost_antenna/CMakeFiles/CMakeTmp'
make: *** [Makefile:126: cmTC_7a8f5/fast] Error 2

File /home/kevin/Code/AlgoLab17/ps3/5-almost_antenna/CMakeFiles/CMakeTmp/CheckSymbolExists.c:
/* */
#include <pthread.h>

int main(int argc, char** argv)
{
  (void)argv;
#ifndef pthread_create
  return ((int*)(&pthread_create))[argc];
#else
  (void)argc;
  return 0;
#endif
}

Determining if the function pthread_create exists in the pthreads failed with the following output:
Change Dir: /home/kevin/Code/AlgoLab17/ps3/5-almost_antenna/CMakeFiles/CMakeTmp

Run Build Command:"/usr/bin/make" "cmTC_bbbb4/fast"
/usr/bin/make -f CMakeFiles/cmTC_bbbb4.dir/build.make CMakeFiles/cmTC_bbbb4.dir/build
make[1]: Entering directory '/home/kevin/Code/AlgoLab17/ps3/5-almost_antenna/CMakeFiles/CMakeTmp'
Building C object CMakeFiles/cmTC_bbbb4.dir/CheckFunctionExists.c.o
/usr/bin/cc   -DCHECK_FUNCTION_EXISTS=pthread_create   -o CMakeFiles/cmTC_bbbb4.dir/CheckFunctionExists.c.o   -c /usr/share/cmake-3.9/Modules/CheckFunctionExists.c
Linking C executable cmTC_bbbb4
/usr/bin/cmake -E cmake_link_script CMakeFiles/cmTC_bbbb4.dir/link.txt --verbose=1
/usr/bin/cc  -DCHECK_FUNCTION_EXISTS=pthread_create    -rdynamic CMakeFiles/cmTC_bbbb4.dir/CheckFunctionExists.c.o  -o cmTC_bbbb4 -lpthreads 
/usr/bin/ld: cannot find -lpthreads
collect2: error: ld returned 1 exit status
make[1]: *** [CMakeFiles/cmTC_bbbb4.dir/build.make:98: cmTC_bbbb4] Error 1
make[1]: Leaving directory '/home/kevin/Code/AlgoLab17/ps3/5-almost_antenna/CMakeFiles/CMakeTmp'
make: *** [Makefile:126: cmTC_bbbb4/fast] Error 2


