Determining if the pthread_create exist failed with the following output:
Change Dir: /home/kevin/Code/AlgoLab17/ps7/2-diet/CMakeFiles/CMakeTmp

Run Build Command:"/usr/bin/make" "cmTC_684f9/fast"
/usr/bin/make -f CMakeFiles/cmTC_684f9.dir/build.make CMakeFiles/cmTC_684f9.dir/build
make[1]: Entering directory '/home/kevin/Code/AlgoLab17/ps7/2-diet/CMakeFiles/CMakeTmp'
Building C object CMakeFiles/cmTC_684f9.dir/CheckSymbolExists.c.o
/usr/bin/cc    -o CMakeFiles/cmTC_684f9.dir/CheckSymbolExists.c.o   -c /home/kevin/Code/AlgoLab17/ps7/2-diet/CMakeFiles/CMakeTmp/CheckSymbolExists.c
Linking C executable cmTC_684f9
/usr/bin/cmake -E cmake_link_script CMakeFiles/cmTC_684f9.dir/link.txt --verbose=1
/usr/bin/cc      -rdynamic CMakeFiles/cmTC_684f9.dir/CheckSymbolExists.c.o  -o cmTC_684f9 
CMakeFiles/cmTC_684f9.dir/CheckSymbolExists.c.o: In function `main':
CheckSymbolExists.c:(.text+0x1b): undefined reference to `pthread_create'
collect2: error: ld returned 1 exit status
make[1]: *** [CMakeFiles/cmTC_684f9.dir/build.make:98: cmTC_684f9] Error 1
make[1]: Leaving directory '/home/kevin/Code/AlgoLab17/ps7/2-diet/CMakeFiles/CMakeTmp'
make: *** [Makefile:126: cmTC_684f9/fast] Error 2

File /home/kevin/Code/AlgoLab17/ps7/2-diet/CMakeFiles/CMakeTmp/CheckSymbolExists.c:
/* */
#include <pthread.h>

int main(int argc, char** argv)
{
  (void)argv;
#ifndef pthread_create
  return ((int*)(&pthread_create))[argc];
#else
  (void)argc;
  return 0;
#endif
}

Determining if the function pthread_create exists in the pthreads failed with the following output:
Change Dir: /home/kevin/Code/AlgoLab17/ps7/2-diet/CMakeFiles/CMakeTmp

Run Build Command:"/usr/bin/make" "cmTC_ceb3f/fast"
/usr/bin/make -f CMakeFiles/cmTC_ceb3f.dir/build.make CMakeFiles/cmTC_ceb3f.dir/build
make[1]: Entering directory '/home/kevin/Code/AlgoLab17/ps7/2-diet/CMakeFiles/CMakeTmp'
Building C object CMakeFiles/cmTC_ceb3f.dir/CheckFunctionExists.c.o
/usr/bin/cc   -DCHECK_FUNCTION_EXISTS=pthread_create   -o CMakeFiles/cmTC_ceb3f.dir/CheckFunctionExists.c.o   -c /usr/share/cmake-3.9/Modules/CheckFunctionExists.c
Linking C executable cmTC_ceb3f
/usr/bin/cmake -E cmake_link_script CMakeFiles/cmTC_ceb3f.dir/link.txt --verbose=1
/usr/bin/cc  -DCHECK_FUNCTION_EXISTS=pthread_create    -rdynamic CMakeFiles/cmTC_ceb3f.dir/CheckFunctionExists.c.o  -o cmTC_ceb3f -lpthreads 
/usr/bin/ld: cannot find -lpthreads
collect2: error: ld returned 1 exit status
make[1]: *** [CMakeFiles/cmTC_ceb3f.dir/build.make:98: cmTC_ceb3f] Error 1
make[1]: Leaving directory '/home/kevin/Code/AlgoLab17/ps7/2-diet/CMakeFiles/CMakeTmp'
make: *** [Makefile:126: cmTC_ceb3f/fast] Error 2


