Determining if the pthread_create exist failed with the following output:
Change Dir: /home/kevin/Code/AlgoLab17/ps3/4-antenna/CMakeFiles/CMakeTmp

Run Build Command:"/usr/bin/make" "cmTC_d38df/fast"
/usr/bin/make -f CMakeFiles/cmTC_d38df.dir/build.make CMakeFiles/cmTC_d38df.dir/build
make[1]: Entering directory '/home/kevin/Code/AlgoLab17/ps3/4-antenna/CMakeFiles/CMakeTmp'
Building C object CMakeFiles/cmTC_d38df.dir/CheckSymbolExists.c.o
/usr/bin/cc    -o CMakeFiles/cmTC_d38df.dir/CheckSymbolExists.c.o   -c /home/kevin/Code/AlgoLab17/ps3/4-antenna/CMakeFiles/CMakeTmp/CheckSymbolExists.c
Linking C executable cmTC_d38df
/usr/bin/cmake -E cmake_link_script CMakeFiles/cmTC_d38df.dir/link.txt --verbose=1
/usr/bin/cc      -rdynamic CMakeFiles/cmTC_d38df.dir/CheckSymbolExists.c.o  -o cmTC_d38df 
CMakeFiles/cmTC_d38df.dir/CheckSymbolExists.c.o: In function `main':
CheckSymbolExists.c:(.text+0x1b): undefined reference to `pthread_create'
collect2: error: ld returned 1 exit status
make[1]: *** [CMakeFiles/cmTC_d38df.dir/build.make:98: cmTC_d38df] Error 1
make[1]: Leaving directory '/home/kevin/Code/AlgoLab17/ps3/4-antenna/CMakeFiles/CMakeTmp'
make: *** [Makefile:126: cmTC_d38df/fast] Error 2

File /home/kevin/Code/AlgoLab17/ps3/4-antenna/CMakeFiles/CMakeTmp/CheckSymbolExists.c:
/* */
#include <pthread.h>

int main(int argc, char** argv)
{
  (void)argv;
#ifndef pthread_create
  return ((int*)(&pthread_create))[argc];
#else
  (void)argc;
  return 0;
#endif
}

Determining if the function pthread_create exists in the pthreads failed with the following output:
Change Dir: /home/kevin/Code/AlgoLab17/ps3/4-antenna/CMakeFiles/CMakeTmp

Run Build Command:"/usr/bin/make" "cmTC_3161c/fast"
/usr/bin/make -f CMakeFiles/cmTC_3161c.dir/build.make CMakeFiles/cmTC_3161c.dir/build
make[1]: Entering directory '/home/kevin/Code/AlgoLab17/ps3/4-antenna/CMakeFiles/CMakeTmp'
Building C object CMakeFiles/cmTC_3161c.dir/CheckFunctionExists.c.o
/usr/bin/cc   -DCHECK_FUNCTION_EXISTS=pthread_create   -o CMakeFiles/cmTC_3161c.dir/CheckFunctionExists.c.o   -c /usr/share/cmake-3.9/Modules/CheckFunctionExists.c
Linking C executable cmTC_3161c
/usr/bin/cmake -E cmake_link_script CMakeFiles/cmTC_3161c.dir/link.txt --verbose=1
/usr/bin/cc  -DCHECK_FUNCTION_EXISTS=pthread_create    -rdynamic CMakeFiles/cmTC_3161c.dir/CheckFunctionExists.c.o  -o cmTC_3161c -lpthreads 
/usr/bin/ld: cannot find -lpthreads
collect2: error: ld returned 1 exit status
make[1]: *** [CMakeFiles/cmTC_3161c.dir/build.make:98: cmTC_3161c] Error 1
make[1]: Leaving directory '/home/kevin/Code/AlgoLab17/ps3/4-antenna/CMakeFiles/CMakeTmp'
make: *** [Makefile:126: cmTC_3161c/fast] Error 2


