Determining if the pthread_create exist failed with the following output:
Change Dir: /home/kevin/Code/AlgoLab17/ps3/3-hiking_maps/CMakeFiles/CMakeTmp

Run Build Command:"/usr/bin/make" "cmTC_6652b/fast"
/usr/bin/make -f CMakeFiles/cmTC_6652b.dir/build.make CMakeFiles/cmTC_6652b.dir/build
make[1]: Entering directory '/home/kevin/Code/AlgoLab17/ps3/3-hiking_maps/CMakeFiles/CMakeTmp'
Building C object CMakeFiles/cmTC_6652b.dir/CheckSymbolExists.c.o
/usr/bin/cc    -o CMakeFiles/cmTC_6652b.dir/CheckSymbolExists.c.o   -c /home/kevin/Code/AlgoLab17/ps3/3-hiking_maps/CMakeFiles/CMakeTmp/CheckSymbolExists.c
Linking C executable cmTC_6652b
/usr/bin/cmake -E cmake_link_script CMakeFiles/cmTC_6652b.dir/link.txt --verbose=1
/usr/bin/cc      -rdynamic CMakeFiles/cmTC_6652b.dir/CheckSymbolExists.c.o  -o cmTC_6652b 
CMakeFiles/cmTC_6652b.dir/CheckSymbolExists.c.o: In function `main':
CheckSymbolExists.c:(.text+0x1b): undefined reference to `pthread_create'
collect2: error: ld returned 1 exit status
make[1]: *** [CMakeFiles/cmTC_6652b.dir/build.make:98: cmTC_6652b] Error 1
make[1]: Leaving directory '/home/kevin/Code/AlgoLab17/ps3/3-hiking_maps/CMakeFiles/CMakeTmp'
make: *** [Makefile:126: cmTC_6652b/fast] Error 2

File /home/kevin/Code/AlgoLab17/ps3/3-hiking_maps/CMakeFiles/CMakeTmp/CheckSymbolExists.c:
/* */
#include <pthread.h>

int main(int argc, char** argv)
{
  (void)argv;
#ifndef pthread_create
  return ((int*)(&pthread_create))[argc];
#else
  (void)argc;
  return 0;
#endif
}

Determining if the function pthread_create exists in the pthreads failed with the following output:
Change Dir: /home/kevin/Code/AlgoLab17/ps3/3-hiking_maps/CMakeFiles/CMakeTmp

Run Build Command:"/usr/bin/make" "cmTC_636b7/fast"
/usr/bin/make -f CMakeFiles/cmTC_636b7.dir/build.make CMakeFiles/cmTC_636b7.dir/build
make[1]: Entering directory '/home/kevin/Code/AlgoLab17/ps3/3-hiking_maps/CMakeFiles/CMakeTmp'
Building C object CMakeFiles/cmTC_636b7.dir/CheckFunctionExists.c.o
/usr/bin/cc   -DCHECK_FUNCTION_EXISTS=pthread_create   -o CMakeFiles/cmTC_636b7.dir/CheckFunctionExists.c.o   -c /usr/share/cmake-3.9/Modules/CheckFunctionExists.c
Linking C executable cmTC_636b7
/usr/bin/cmake -E cmake_link_script CMakeFiles/cmTC_636b7.dir/link.txt --verbose=1
/usr/bin/cc  -DCHECK_FUNCTION_EXISTS=pthread_create    -rdynamic CMakeFiles/cmTC_636b7.dir/CheckFunctionExists.c.o  -o cmTC_636b7 -lpthreads 
/usr/bin/ld: cannot find -lpthreads
collect2: error: ld returned 1 exit status
make[1]: *** [CMakeFiles/cmTC_636b7.dir/build.make:98: cmTC_636b7] Error 1
make[1]: Leaving directory '/home/kevin/Code/AlgoLab17/ps3/3-hiking_maps/CMakeFiles/CMakeTmp'
make: *** [Makefile:126: cmTC_636b7/fast] Error 2


